test_bne_grid_1 (__main__.TestBinaryGrid.test_bne_grid_1) ... ok
test_bne_grid_2 (__main__.TestBinaryGrid.test_bne_grid_2) ... ok
test_bne_grid_3 (__main__.TestBinaryGrid.test_bne_grid_3) ... ok
test_bne_grid_4 (__main__.TestBinaryGrid.test_bne_grid_4) ... ok
test_bne_grid_5 (__main__.TestBinaryGrid.test_bne_grid_5) ... ok
test_cage_existence (__main__.TestCageConstraints.test_cage_existence) ... ERROR
test_cages_1 (__main__.TestCageConstraints.test_cages_1) ... ERROR
test_cages_2 (__main__.TestCageConstraints.test_cages_2) ... ERROR
test_cages_3 (__main__.TestCageConstraints.test_cages_3) ... ERROR
test_cages_4 (__main__.TestCageConstraints.test_cages_4) ... ERROR
test_cages_5 (__main__.TestCageConstraints.test_cages_5) ... ERROR
test_cages_6 (__main__.TestCageConstraints.test_cages_6) ... ERROR
test_dh_1 (__main__.TestDH.test_dh_1) ... ok
test_dh_2 (__main__.TestDH.test_dh_2) ... ok
test_dh_3 (__main__.TestDH.test_dh_3) ... ok
test_dh_4 (__main__.TestDH.test_dh_4) ... ok
test_mrv_1 (__main__.TestMRV.test_mrv_1) ... ok
test_mrv_2 (__main__.TestMRV.test_mrv_2) ... ok
test_mrv_3 (__main__.TestMRV.test_mrv_3) ... ok
test_mrv_4 (__main__.TestMRV.test_mrv_4) ... ok
test_nary_grid_1 (__main__.TestNaryGrid.test_nary_grid_1) ... ok
test_nary_grid_2 (__main__.TestNaryGrid.test_nary_grid_2) ... ok
test_nary_grid_3 (__main__.TestNaryGrid.test_nary_grid_3) ... ok
test_nary_grid_4 (__main__.TestNaryGrid.test_nary_grid_4) ... ok
test_bin_prop_fc_0 (__main__.TestPropFC.test_bin_prop_fc_0) ... ok
test_bin_prop_fc_1 (__main__.TestPropFC.test_bin_prop_fc_1) ... ok
test_bin_prop_fc_2 (__main__.TestPropFC.test_bin_prop_fc_2) ... ok
test_bin_prop_fc_3 (__main__.TestPropFC.test_bin_prop_fc_3) ... ok
test_bin_prop_fc_4 (__main__.TestPropFC.test_bin_prop_fc_4) ... ok
test_prop_fc_0 (__main__.TestPropFC.test_prop_fc_0) ... ok
test_prop_fc_1 (__main__.TestPropFC.test_prop_fc_1) ... ok
test_prop_fc_2 (__main__.TestPropFC.test_prop_fc_2) ... ok
test_prop_fc_3 (__main__.TestPropFC.test_prop_fc_3) ... ok
test_prop_fc_4 (__main__.TestPropFC.test_prop_fc_4) ... ok
test_prop_GAC_0 (__main__.TestPropGAC.test_prop_GAC_0) ... ok
test_prop_GAC_1 (__main__.TestPropGAC.test_prop_GAC_1) ... ok
test_prop_GAC_2 (__main__.TestPropGAC.test_prop_GAC_2) ... ok
test_prop_GAC_3 (__main__.TestPropGAC.test_prop_GAC_3) ... ok
test_prop_GAC_4 (__main__.TestPropGAC.test_prop_GAC_4) ... ok
test_prop_GAC_5 (__main__.TestPropGAC.test_prop_GAC_5) ... ok
test_prop_GAC_6 (__main__.TestPropGAC.test_prop_GAC_6) ... ok
test_prop_GAC_7 (__main__.TestPropGAC.test_prop_GAC_7) ... ok
test_prop_GAC_8 (__main__.TestPropGAC.test_prop_GAC_8) ... ok
test_prop_GAC_9 (__main__.TestPropGAC.test_prop_GAC_9) ... ok

======================================================================
ERROR: test_cage_existence (__main__.TestCageConstraints.test_cage_existence)
----------------------------------------------------------------------
Traceback (most recent call last):
  File "/Users/familymccann/Documents/Queens/3rd_year/cisc 352/Assignment_1/A1/autograder_stu.py", line 622, in test_cage_existence
    if v.name == correct:
       ^^^^^^
AttributeError: 'list' object has no attribute 'name'

======================================================================
ERROR: test_cages_1 (__main__.TestCageConstraints.test_cages_1)
----------------------------------------------------------------------
Traceback (most recent call last):
  File "/Users/familymccann/Documents/Queens/3rd_year/cisc 352/Assignment_1/A1/autograder_stu.py", line 659, in test_cages_1
    if not isinstance(guess[0].scope[0].dom[0], str):
                      ~~~~~^^^
IndexError: list index out of range

======================================================================
ERROR: test_cages_2 (__main__.TestCageConstraints.test_cages_2)
----------------------------------------------------------------------
Traceback (most recent call last):
  File "/Users/familymccann/Documents/Queens/3rd_year/cisc 352/Assignment_1/A1/autograder_stu.py", line 733, in test_cages_2
    if not isinstance(guess[0].scope[0].dom[0], str):
                      ~~~~~^^^
IndexError: list index out of range

======================================================================
ERROR: test_cages_3 (__main__.TestCageConstraints.test_cages_3)
----------------------------------------------------------------------
Traceback (most recent call last):
  File "/Users/familymccann/Documents/Queens/3rd_year/cisc 352/Assignment_1/A1/autograder_stu.py", line 808, in test_cages_3
    if not isinstance(guess[0].scope[0].dom[0], str):
                      ~~~~~^^^
IndexError: list index out of range

======================================================================
ERROR: test_cages_4 (__main__.TestCageConstraints.test_cages_4)
----------------------------------------------------------------------
Traceback (most recent call last):
  File "/Users/familymccann/Documents/Queens/3rd_year/cisc 352/Assignment_1/A1/autograder_stu.py", line 882, in test_cages_4
    if not isinstance(guess[0].scope[0].dom[0], str):
                      ~~~~~^^^
IndexError: list index out of range

======================================================================
ERROR: test_cages_5 (__main__.TestCageConstraints.test_cages_5)
----------------------------------------------------------------------
Traceback (most recent call last):
  File "/Users/familymccann/Documents/Queens/3rd_year/cisc 352/Assignment_1/A1/autograder_stu.py", line 956, in test_cages_5
    if not isinstance(guess[0].scope[0].dom[0], str):
                      ~~~~~^^^
IndexError: list index out of range

======================================================================
ERROR: test_cages_6 (__main__.TestCageConstraints.test_cages_6)
----------------------------------------------------------------------
Traceback (most recent call last):
  File "/Users/familymccann/Documents/Queens/3rd_year/cisc 352/Assignment_1/A1/autograder_stu.py", line 1030, in test_cages_6
    if not isinstance(guess[0].scope[0].dom[0], str):
                      ~~~~~^^^
IndexError: list index out of range

----------------------------------------------------------------------
Ran 44 tests in 0.901s

FAILED (errors=7)
----------------------------------------------------------------------
Time spent:

test_bne_grid_1: 0.0002s
test_bne_grid_2: 0.0001s
test_bne_grid_3: 0.0007s
test_bne_grid_4: 0.0024s
test_bne_grid_5: 0.0074s
test_nary_grid_1: 0.0001s
test_nary_grid_2: 0.0004s
test_nary_grid_3: 0.0024s
test_nary_grid_4: 0.0144s
test_bin_prop_fc_0: 0.0003s
test_bin_prop_fc_1: 0.0009s
test_bin_prop_fc_2: 0.0011s
test_bin_prop_fc_3: 0.0011s
test_bin_prop_fc_4: 0.0009s
test_prop_fc_0: 0.0005s
test_prop_fc_1: 0.1590s
test_prop_fc_2: 0.2944s
test_prop_fc_3: 0.0005s
test_prop_fc_4: 0.2919s
test_prop_GAC_0: 0.0004s
test_prop_GAC_1: 0.0009s
test_prop_GAC_2: 0.0017s
test_prop_GAC_3: 0.0013s
test_prop_GAC_4: 0.0011s
test_prop_GAC_5: 0.0044s
test_prop_GAC_6: 0.0186s
test_prop_GAC_7: 0.0037s
test_prop_GAC_8: 0.0319s
test_prop_GAC_9: 0.0500s
----------------------------------------------------------------------
Grades:

FC: 0.5/0.5
GAC: 0.75/0.75
MRV: 0.25/0.25
DH: 0.25/0.25
BINARY: 0.25/0.25
NARY: 0.25/0.25
CAGEY: 0.0/0.5

TOTAL: 2.25/2.75
Code quality: ?/0.25

Running time: 2025_01_19-11:54:52

===========================================
test_bne_grid_1 (__main__.TestBinaryGrid.test_bne_grid_1) ... ok
test_bne_grid_2 (__main__.TestBinaryGrid.test_bne_grid_2) ... ok
test_bne_grid_3 (__main__.TestBinaryGrid.test_bne_grid_3) ... ok
test_bne_grid_4 (__main__.TestBinaryGrid.test_bne_grid_4) ... ok
test_bne_grid_5 (__main__.TestBinaryGrid.test_bne_grid_5) ... ok
test_cage_existence (__main__.TestCageConstraints.test_cage_existence) ... ERROR
test_cages_1 (__main__.TestCageConstraints.test_cages_1) ... ERROR
test_cages_2 (__main__.TestCageConstraints.test_cages_2) ... ERROR
test_cages_3 (__main__.TestCageConstraints.test_cages_3) ... ERROR
test_cages_4 (__main__.TestCageConstraints.test_cages_4) ... ERROR
test_cages_5 (__main__.TestCageConstraints.test_cages_5) ... ERROR
test_cages_6 (__main__.TestCageConstraints.test_cages_6) ... ERROR
test_dh_1 (__main__.TestDH.test_dh_1) ... ok
test_dh_2 (__main__.TestDH.test_dh_2) ... ok
test_dh_3 (__main__.TestDH.test_dh_3) ... ok
test_dh_4 (__main__.TestDH.test_dh_4) ... ok
test_mrv_1 (__main__.TestMRV.test_mrv_1) ... ok
test_mrv_2 (__main__.TestMRV.test_mrv_2) ... ok
test_mrv_3 (__main__.TestMRV.test_mrv_3) ... ok
test_mrv_4 (__main__.TestMRV.test_mrv_4) ... ok
test_nary_grid_1 (__main__.TestNaryGrid.test_nary_grid_1) ... ok
test_nary_grid_2 (__main__.TestNaryGrid.test_nary_grid_2) ... ok
test_nary_grid_3 (__main__.TestNaryGrid.test_nary_grid_3) ... ok
test_nary_grid_4 (__main__.TestNaryGrid.test_nary_grid_4) ... ok
test_bin_prop_fc_0 (__main__.TestPropFC.test_bin_prop_fc_0) ... ok
test_bin_prop_fc_1 (__main__.TestPropFC.test_bin_prop_fc_1) ... ok
test_bin_prop_fc_2 (__main__.TestPropFC.test_bin_prop_fc_2) ... ok
test_bin_prop_fc_3 (__main__.TestPropFC.test_bin_prop_fc_3) ... ok
test_bin_prop_fc_4 (__main__.TestPropFC.test_bin_prop_fc_4) ... ok
test_prop_fc_0 (__main__.TestPropFC.test_prop_fc_0) ... ok
test_prop_fc_1 (__main__.TestPropFC.test_prop_fc_1) ... ok
test_prop_fc_2 (__main__.TestPropFC.test_prop_fc_2) ... ok
test_prop_fc_3 (__main__.TestPropFC.test_prop_fc_3) ... ok
test_prop_fc_4 (__main__.TestPropFC.test_prop_fc_4) ... ok
test_prop_GAC_0 (__main__.TestPropGAC.test_prop_GAC_0) ... ok
test_prop_GAC_1 (__main__.TestPropGAC.test_prop_GAC_1) ... ok
test_prop_GAC_2 (__main__.TestPropGAC.test_prop_GAC_2) ... ok
test_prop_GAC_3 (__main__.TestPropGAC.test_prop_GAC_3) ... ok
test_prop_GAC_4 (__main__.TestPropGAC.test_prop_GAC_4) ... ok
test_prop_GAC_5 (__main__.TestPropGAC.test_prop_GAC_5) ... ok
test_prop_GAC_6 (__main__.TestPropGAC.test_prop_GAC_6) ... ok
test_prop_GAC_7 (__main__.TestPropGAC.test_prop_GAC_7) ... ok
test_prop_GAC_8 (__main__.TestPropGAC.test_prop_GAC_8) ... ok
test_prop_GAC_9 (__main__.TestPropGAC.test_prop_GAC_9) ... ok

======================================================================
ERROR: test_cage_existence (__main__.TestCageConstraints.test_cage_existence)
----------------------------------------------------------------------
Traceback (most recent call last):
  File "/Users/familymccann/Documents/Queens/3rd_year/cisc 352/Assignment_1/A1/autograder_stu.py", line 622, in test_cage_existence
    if v.name == correct:
       ^^^^^^
AttributeError: 'list' object has no attribute 'name'

======================================================================
ERROR: test_cages_1 (__main__.TestCageConstraints.test_cages_1)
----------------------------------------------------------------------
Traceback (most recent call last):
  File "/Users/familymccann/Documents/Queens/3rd_year/cisc 352/Assignment_1/A1/autograder_stu.py", line 659, in test_cages_1
    if not isinstance(guess[0].scope[0].dom[0], str):
                      ~~~~~^^^
IndexError: list index out of range

======================================================================
ERROR: test_cages_2 (__main__.TestCageConstraints.test_cages_2)
----------------------------------------------------------------------
Traceback (most recent call last):
  File "/Users/familymccann/Documents/Queens/3rd_year/cisc 352/Assignment_1/A1/autograder_stu.py", line 733, in test_cages_2
    if not isinstance(guess[0].scope[0].dom[0], str):
                      ~~~~~^^^
IndexError: list index out of range

======================================================================
ERROR: test_cages_3 (__main__.TestCageConstraints.test_cages_3)
----------------------------------------------------------------------
Traceback (most recent call last):
  File "/Users/familymccann/Documents/Queens/3rd_year/cisc 352/Assignment_1/A1/autograder_stu.py", line 808, in test_cages_3
    if not isinstance(guess[0].scope[0].dom[0], str):
                      ~~~~~^^^
IndexError: list index out of range

======================================================================
ERROR: test_cages_4 (__main__.TestCageConstraints.test_cages_4)
----------------------------------------------------------------------
Traceback (most recent call last):
  File "/Users/familymccann/Documents/Queens/3rd_year/cisc 352/Assignment_1/A1/autograder_stu.py", line 882, in test_cages_4
    if not isinstance(guess[0].scope[0].dom[0], str):
                      ~~~~~^^^
IndexError: list index out of range

======================================================================
ERROR: test_cages_5 (__main__.TestCageConstraints.test_cages_5)
----------------------------------------------------------------------
Traceback (most recent call last):
  File "/Users/familymccann/Documents/Queens/3rd_year/cisc 352/Assignment_1/A1/autograder_stu.py", line 956, in test_cages_5
    if not isinstance(guess[0].scope[0].dom[0], str):
                      ~~~~~^^^
IndexError: list index out of range

======================================================================
ERROR: test_cages_6 (__main__.TestCageConstraints.test_cages_6)
----------------------------------------------------------------------
Traceback (most recent call last):
  File "/Users/familymccann/Documents/Queens/3rd_year/cisc 352/Assignment_1/A1/autograder_stu.py", line 1030, in test_cages_6
    if not isinstance(guess[0].scope[0].dom[0], str):
                      ~~~~~^^^
IndexError: list index out of range

----------------------------------------------------------------------
Ran 44 tests in 0.895s

FAILED (errors=7)
----------------------------------------------------------------------
Time spent:

test_bne_grid_1: 0.0002s
test_bne_grid_2: 0.0001s
test_bne_grid_3: 0.0007s
test_bne_grid_4: 0.0027s
test_bne_grid_5: 0.0052s
test_nary_grid_1: 0.0001s
test_nary_grid_2: 0.0004s
test_nary_grid_3: 0.0020s
test_nary_grid_4: 0.0141s
test_bin_prop_fc_0: 0.0003s
test_bin_prop_fc_1: 0.0010s
test_bin_prop_fc_2: 0.0011s
test_bin_prop_fc_3: 0.0009s
test_bin_prop_fc_4: 0.0010s
test_prop_fc_0: 0.0005s
test_prop_fc_1: 0.1598s
test_prop_fc_2: 0.2940s
test_prop_fc_3: 0.0005s
test_prop_fc_4: 0.2889s
test_prop_GAC_0: 0.0004s
test_prop_GAC_1: 0.0008s
test_prop_GAC_2: 0.0014s
test_prop_GAC_3: 0.0015s
test_prop_GAC_4: 0.0012s
test_prop_GAC_5: 0.0038s
test_prop_GAC_6: 0.0185s
test_prop_GAC_7: 0.0039s
test_prop_GAC_8: 0.0318s
test_prop_GAC_9: 0.0502s
----------------------------------------------------------------------
Grades:

FC: 0.5/0.5
GAC: 0.75/0.75
MRV: 0.25/0.25
DH: 0.25/0.25
BINARY: 0.25/0.25
NARY: 0.25/0.25
CAGEY: 0.0/0.5

TOTAL: 2.25/2.75
Code quality: ?/0.25

Running time: 2025_01_19-11:59:36

===========================================
test_bne_grid_1 (__main__.TestBinaryGrid.test_bne_grid_1) ... ok
test_bne_grid_2 (__main__.TestBinaryGrid.test_bne_grid_2) ... ok
test_bne_grid_3 (__main__.TestBinaryGrid.test_bne_grid_3) ... ok
test_bne_grid_4 (__main__.TestBinaryGrid.test_bne_grid_4) ... ok
test_bne_grid_5 (__main__.TestBinaryGrid.test_bne_grid_5) ... ok
test_cage_existence (__main__.TestCageConstraints.test_cage_existence) ... ERROR
test_cages_1 (__main__.TestCageConstraints.test_cages_1) ... ERROR
test_cages_2 (__main__.TestCageConstraints.test_cages_2) ... ERROR
test_cages_3 (__main__.TestCageConstraints.test_cages_3) ... ERROR
test_cages_4 (__main__.TestCageConstraints.test_cages_4) ... ERROR
test_cages_5 (__main__.TestCageConstraints.test_cages_5) ... ERROR
test_cages_6 (__main__.TestCageConstraints.test_cages_6) ... ERROR
test_dh_1 (__main__.TestDH.test_dh_1) ... ok
test_dh_2 (__main__.TestDH.test_dh_2) ... ok
test_dh_3 (__main__.TestDH.test_dh_3) ... ok
test_dh_4 (__main__.TestDH.test_dh_4) ... ok
test_mrv_1 (__main__.TestMRV.test_mrv_1) ... ok
test_mrv_2 (__main__.TestMRV.test_mrv_2) ... ok
test_mrv_3 (__main__.TestMRV.test_mrv_3) ... ok
test_mrv_4 (__main__.TestMRV.test_mrv_4) ... ok
test_nary_grid_1 (__main__.TestNaryGrid.test_nary_grid_1) ... ok
test_nary_grid_2 (__main__.TestNaryGrid.test_nary_grid_2) ... ok
test_nary_grid_3 (__main__.TestNaryGrid.test_nary_grid_3) ... ok
test_nary_grid_4 (__main__.TestNaryGrid.test_nary_grid_4) ... ok
test_bin_prop_fc_0 (__main__.TestPropFC.test_bin_prop_fc_0) ... ok
test_bin_prop_fc_1 (__main__.TestPropFC.test_bin_prop_fc_1) ... ok
test_bin_prop_fc_2 (__main__.TestPropFC.test_bin_prop_fc_2) ... ok
test_bin_prop_fc_3 (__main__.TestPropFC.test_bin_prop_fc_3) ... ok
test_bin_prop_fc_4 (__main__.TestPropFC.test_bin_prop_fc_4) ... ok
test_prop_fc_0 (__main__.TestPropFC.test_prop_fc_0) ... ok
test_prop_fc_1 (__main__.TestPropFC.test_prop_fc_1) ... ok
test_prop_fc_2 (__main__.TestPropFC.test_prop_fc_2) ... ok
test_prop_fc_3 (__main__.TestPropFC.test_prop_fc_3) ... ok
test_prop_fc_4 (__main__.TestPropFC.test_prop_fc_4) ... ok
test_prop_GAC_0 (__main__.TestPropGAC.test_prop_GAC_0) ... ok
test_prop_GAC_1 (__main__.TestPropGAC.test_prop_GAC_1) ... ok
test_prop_GAC_2 (__main__.TestPropGAC.test_prop_GAC_2) ... ok
test_prop_GAC_3 (__main__.TestPropGAC.test_prop_GAC_3) ... ok
test_prop_GAC_4 (__main__.TestPropGAC.test_prop_GAC_4) ... ok
test_prop_GAC_5 (__main__.TestPropGAC.test_prop_GAC_5) ... ok
test_prop_GAC_6 (__main__.TestPropGAC.test_prop_GAC_6) ... ok
test_prop_GAC_7 (__main__.TestPropGAC.test_prop_GAC_7) ... ok
test_prop_GAC_8 (__main__.TestPropGAC.test_prop_GAC_8) ... ok
test_prop_GAC_9 (__main__.TestPropGAC.test_prop_GAC_9) ... ok

======================================================================
ERROR: test_cage_existence (__main__.TestCageConstraints.test_cage_existence)
----------------------------------------------------------------------
Traceback (most recent call last):
  File "/Users/familymccann/Documents/Queens/3rd_year/cisc 352/Assignment_1/A1/autograder_stu.py", line 622, in test_cage_existence
    if v.name == correct:
       ^^^^^^
AttributeError: 'list' object has no attribute 'name'

======================================================================
ERROR: test_cages_1 (__main__.TestCageConstraints.test_cages_1)
----------------------------------------------------------------------
Traceback (most recent call last):
  File "/Users/familymccann/Documents/Queens/3rd_year/cisc 352/Assignment_1/A1/autograder_stu.py", line 659, in test_cages_1
    if not isinstance(guess[0].scope[0].dom[0], str):
                      ~~~~~^^^
IndexError: list index out of range

======================================================================
ERROR: test_cages_2 (__main__.TestCageConstraints.test_cages_2)
----------------------------------------------------------------------
Traceback (most recent call last):
  File "/Users/familymccann/Documents/Queens/3rd_year/cisc 352/Assignment_1/A1/autograder_stu.py", line 733, in test_cages_2
    if not isinstance(guess[0].scope[0].dom[0], str):
                      ~~~~~^^^
IndexError: list index out of range

======================================================================
ERROR: test_cages_3 (__main__.TestCageConstraints.test_cages_3)
----------------------------------------------------------------------
Traceback (most recent call last):
  File "/Users/familymccann/Documents/Queens/3rd_year/cisc 352/Assignment_1/A1/autograder_stu.py", line 808, in test_cages_3
    if not isinstance(guess[0].scope[0].dom[0], str):
                      ~~~~~^^^
IndexError: list index out of range

======================================================================
ERROR: test_cages_4 (__main__.TestCageConstraints.test_cages_4)
----------------------------------------------------------------------
Traceback (most recent call last):
  File "/Users/familymccann/Documents/Queens/3rd_year/cisc 352/Assignment_1/A1/autograder_stu.py", line 882, in test_cages_4
    if not isinstance(guess[0].scope[0].dom[0], str):
                      ~~~~~^^^
IndexError: list index out of range

======================================================================
ERROR: test_cages_5 (__main__.TestCageConstraints.test_cages_5)
----------------------------------------------------------------------
Traceback (most recent call last):
  File "/Users/familymccann/Documents/Queens/3rd_year/cisc 352/Assignment_1/A1/autograder_stu.py", line 956, in test_cages_5
    if not isinstance(guess[0].scope[0].dom[0], str):
                      ~~~~~^^^
IndexError: list index out of range

======================================================================
ERROR: test_cages_6 (__main__.TestCageConstraints.test_cages_6)
----------------------------------------------------------------------
Traceback (most recent call last):
  File "/Users/familymccann/Documents/Queens/3rd_year/cisc 352/Assignment_1/A1/autograder_stu.py", line 1030, in test_cages_6
    if not isinstance(guess[0].scope[0].dom[0], str):
                      ~~~~~^^^
IndexError: list index out of range

----------------------------------------------------------------------
Ran 44 tests in 0.927s

FAILED (errors=7)
----------------------------------------------------------------------
Time spent:

test_bne_grid_1: 0.0002s
test_bne_grid_2: 0.0001s
test_bne_grid_3: 0.0007s
test_bne_grid_4: 0.0025s
test_bne_grid_5: 0.0051s
test_nary_grid_1: 0.0001s
test_nary_grid_2: 0.0003s
test_nary_grid_3: 0.0026s
test_nary_grid_4: 0.0138s
test_bin_prop_fc_0: 0.0003s
test_bin_prop_fc_1: 0.0008s
test_bin_prop_fc_2: 0.0013s
test_bin_prop_fc_3: 0.0010s
test_bin_prop_fc_4: 0.0011s
test_prop_fc_0: 0.0004s
test_prop_fc_1: 0.1843s
test_prop_fc_2: 0.2958s
test_prop_fc_3: 0.0005s
test_prop_fc_4: 0.2936s
test_prop_GAC_0: 0.0005s
test_prop_GAC_1: 0.0011s
test_prop_GAC_2: 0.0015s
test_prop_GAC_3: 0.0011s
test_prop_GAC_4: 0.0014s
test_prop_GAC_5: 0.0039s
test_prop_GAC_6: 0.0189s
test_prop_GAC_7: 0.0037s
test_prop_GAC_8: 0.0321s
test_prop_GAC_9: 0.0508s
----------------------------------------------------------------------
Grades:

FC: 0.5/0.5
GAC: 0.75/0.75
MRV: 0.25/0.25
DH: 0.25/0.25
BINARY: 0.25/0.25
NARY: 0.25/0.25
CAGEY: 0.0/0.5

TOTAL: 2.25/2.75
Code quality: ?/0.25

Running time: 2025_01_19-12:04:08

===========================================
test_bne_grid_1 (__main__.TestBinaryGrid.test_bne_grid_1) ... ok
test_bne_grid_2 (__main__.TestBinaryGrid.test_bne_grid_2) ... ok
test_bne_grid_3 (__main__.TestBinaryGrid.test_bne_grid_3) ... ok
test_bne_grid_4 (__main__.TestBinaryGrid.test_bne_grid_4) ... ok
test_bne_grid_5 (__main__.TestBinaryGrid.test_bne_grid_5) ... ok
test_cage_existence (__main__.TestCageConstraints.test_cage_existence) ... ERROR
test_cages_1 (__main__.TestCageConstraints.test_cages_1) ... ERROR
test_cages_2 (__main__.TestCageConstraints.test_cages_2) ... ERROR
test_cages_3 (__main__.TestCageConstraints.test_cages_3) ... ERROR
test_cages_4 (__main__.TestCageConstraints.test_cages_4) ... ERROR
test_cages_5 (__main__.TestCageConstraints.test_cages_5) ... ERROR
test_cages_6 (__main__.TestCageConstraints.test_cages_6) ... ERROR
test_dh_1 (__main__.TestDH.test_dh_1) ... ok
test_dh_2 (__main__.TestDH.test_dh_2) ... ok
test_dh_3 (__main__.TestDH.test_dh_3) ... ok
test_dh_4 (__main__.TestDH.test_dh_4) ... ok
test_mrv_1 (__main__.TestMRV.test_mrv_1) ... ok
test_mrv_2 (__main__.TestMRV.test_mrv_2) ... ok
test_mrv_3 (__main__.TestMRV.test_mrv_3) ... ok
test_mrv_4 (__main__.TestMRV.test_mrv_4) ... ok
test_nary_grid_1 (__main__.TestNaryGrid.test_nary_grid_1) ... ok
test_nary_grid_2 (__main__.TestNaryGrid.test_nary_grid_2) ... ok
test_nary_grid_3 (__main__.TestNaryGrid.test_nary_grid_3) ... ok
test_nary_grid_4 (__main__.TestNaryGrid.test_nary_grid_4) ... ok
test_bin_prop_fc_0 (__main__.TestPropFC.test_bin_prop_fc_0) ... ok
test_bin_prop_fc_1 (__main__.TestPropFC.test_bin_prop_fc_1) ... ok
test_bin_prop_fc_2 (__main__.TestPropFC.test_bin_prop_fc_2) ... ok
test_bin_prop_fc_3 (__main__.TestPropFC.test_bin_prop_fc_3) ... ok
test_bin_prop_fc_4 (__main__.TestPropFC.test_bin_prop_fc_4) ... ok
test_prop_fc_0 (__main__.TestPropFC.test_prop_fc_0) ... ok
test_prop_fc_1 (__main__.TestPropFC.test_prop_fc_1) ... ok
test_prop_fc_2 (__main__.TestPropFC.test_prop_fc_2) ... ok
test_prop_fc_3 (__main__.TestPropFC.test_prop_fc_3) ... ok
test_prop_fc_4 (__main__.TestPropFC.test_prop_fc_4) ... ok
test_prop_GAC_0 (__main__.TestPropGAC.test_prop_GAC_0) ... ok
test_prop_GAC_1 (__main__.TestPropGAC.test_prop_GAC_1) ... ok
test_prop_GAC_2 (__main__.TestPropGAC.test_prop_GAC_2) ... ok
test_prop_GAC_3 (__main__.TestPropGAC.test_prop_GAC_3) ... ok
test_prop_GAC_4 (__main__.TestPropGAC.test_prop_GAC_4) ... ok
test_prop_GAC_5 (__main__.TestPropGAC.test_prop_GAC_5) ... ok
test_prop_GAC_6 (__main__.TestPropGAC.test_prop_GAC_6) ... ok
test_prop_GAC_7 (__main__.TestPropGAC.test_prop_GAC_7) ... ok
test_prop_GAC_8 (__main__.TestPropGAC.test_prop_GAC_8) ... ok
test_prop_GAC_9 (__main__.TestPropGAC.test_prop_GAC_9) ... ok

======================================================================
ERROR: test_cage_existence (__main__.TestCageConstraints.test_cage_existence)
----------------------------------------------------------------------
Traceback (most recent call last):
  File "/Users/familymccann/Documents/Queens/3rd_year/cisc 352/Assignment_1/A1/autograder_stu.py", line 622, in test_cage_existence
    if v.name == correct:
       ^^^^^^
AttributeError: 'list' object has no attribute 'name'

======================================================================
ERROR: test_cages_1 (__main__.TestCageConstraints.test_cages_1)
----------------------------------------------------------------------
Traceback (most recent call last):
  File "/Users/familymccann/Documents/Queens/3rd_year/cisc 352/Assignment_1/A1/autograder_stu.py", line 659, in test_cages_1
    if not isinstance(guess[0].scope[0].dom[0], str):
                      ~~~~~^^^
IndexError: list index out of range

======================================================================
ERROR: test_cages_2 (__main__.TestCageConstraints.test_cages_2)
----------------------------------------------------------------------
Traceback (most recent call last):
  File "/Users/familymccann/Documents/Queens/3rd_year/cisc 352/Assignment_1/A1/autograder_stu.py", line 733, in test_cages_2
    if not isinstance(guess[0].scope[0].dom[0], str):
                      ~~~~~^^^
IndexError: list index out of range

======================================================================
ERROR: test_cages_3 (__main__.TestCageConstraints.test_cages_3)
----------------------------------------------------------------------
Traceback (most recent call last):
  File "/Users/familymccann/Documents/Queens/3rd_year/cisc 352/Assignment_1/A1/autograder_stu.py", line 808, in test_cages_3
    if not isinstance(guess[0].scope[0].dom[0], str):
                      ~~~~~^^^
IndexError: list index out of range

======================================================================
ERROR: test_cages_4 (__main__.TestCageConstraints.test_cages_4)
----------------------------------------------------------------------
Traceback (most recent call last):
  File "/Users/familymccann/Documents/Queens/3rd_year/cisc 352/Assignment_1/A1/autograder_stu.py", line 882, in test_cages_4
    if not isinstance(guess[0].scope[0].dom[0], str):
                      ~~~~~^^^
IndexError: list index out of range

======================================================================
ERROR: test_cages_5 (__main__.TestCageConstraints.test_cages_5)
----------------------------------------------------------------------
Traceback (most recent call last):
  File "/Users/familymccann/Documents/Queens/3rd_year/cisc 352/Assignment_1/A1/autograder_stu.py", line 956, in test_cages_5
    if not isinstance(guess[0].scope[0].dom[0], str):
                      ~~~~~^^^
IndexError: list index out of range

======================================================================
ERROR: test_cages_6 (__main__.TestCageConstraints.test_cages_6)
----------------------------------------------------------------------
Traceback (most recent call last):
  File "/Users/familymccann/Documents/Queens/3rd_year/cisc 352/Assignment_1/A1/autograder_stu.py", line 1030, in test_cages_6
    if not isinstance(guess[0].scope[0].dom[0], str):
                      ~~~~~^^^
IndexError: list index out of range

----------------------------------------------------------------------
Ran 44 tests in 0.888s

FAILED (errors=7)
----------------------------------------------------------------------
Time spent:

test_bne_grid_1: 0.0002s
test_bne_grid_2: 0.0001s
test_bne_grid_3: 0.0007s
test_bne_grid_4: 0.0025s
test_bne_grid_5: 0.0051s
test_nary_grid_1: 0.0001s
test_nary_grid_2: 0.0003s
test_nary_grid_3: 0.0021s
test_nary_grid_4: 0.0141s
test_bin_prop_fc_0: 0.0004s
test_bin_prop_fc_1: 0.0008s
test_bin_prop_fc_2: 0.0008s
test_bin_prop_fc_3: 0.0013s
test_bin_prop_fc_4: 0.0010s
test_prop_fc_0: 0.0005s
test_prop_fc_1: 0.1590s
test_prop_fc_2: 0.2911s
test_prop_fc_3: 0.0005s
test_prop_fc_4: 0.2882s
test_prop_GAC_0: 0.0004s
test_prop_GAC_1: 0.0009s
test_prop_GAC_2: 0.0014s
test_prop_GAC_3: 0.0012s
test_prop_GAC_4: 0.0011s
test_prop_GAC_5: 0.0039s
test_prop_GAC_6: 0.0184s
test_prop_GAC_7: 0.0036s
test_prop_GAC_8: 0.0316s
test_prop_GAC_9: 0.0501s
----------------------------------------------------------------------
Grades:

FC: 0.5/0.5
GAC: 0.75/0.75
MRV: 0.25/0.25
DH: 0.25/0.25
BINARY: 0.25/0.25
NARY: 0.25/0.25
CAGEY: 0.0/0.5

TOTAL: 2.25/2.75
Code quality: ?/0.25

Running time: 2025_01_19-12:10:54

===========================================
test_bne_grid_1 (__main__.TestBinaryGrid.test_bne_grid_1) ... ok
test_bne_grid_2 (__main__.TestBinaryGrid.test_bne_grid_2) ... ok
test_bne_grid_3 (__main__.TestBinaryGrid.test_bne_grid_3) ... ok
test_bne_grid_4 (__main__.TestBinaryGrid.test_bne_grid_4) ... ok
test_bne_grid_5 (__main__.TestBinaryGrid.test_bne_grid_5) ... ok
test_cage_existence (__main__.TestCageConstraints.test_cage_existence) ... ERROR
test_cages_1 (__main__.TestCageConstraints.test_cages_1) ... ERROR
test_cages_2 (__main__.TestCageConstraints.test_cages_2) ... ERROR
test_cages_3 (__main__.TestCageConstraints.test_cages_3) ... ERROR
test_cages_4 (__main__.TestCageConstraints.test_cages_4) ... ERROR
test_cages_5 (__main__.TestCageConstraints.test_cages_5) ... ERROR
test_cages_6 (__main__.TestCageConstraints.test_cages_6) ... ERROR
test_dh_1 (__main__.TestDH.test_dh_1) ... ok
test_dh_2 (__main__.TestDH.test_dh_2) ... ok
test_dh_3 (__main__.TestDH.test_dh_3) ... ok
test_dh_4 (__main__.TestDH.test_dh_4) ... ok
test_mrv_1 (__main__.TestMRV.test_mrv_1) ... ok
test_mrv_2 (__main__.TestMRV.test_mrv_2) ... ok
test_mrv_3 (__main__.TestMRV.test_mrv_3) ... ok
test_mrv_4 (__main__.TestMRV.test_mrv_4) ... ok
test_nary_grid_1 (__main__.TestNaryGrid.test_nary_grid_1) ... ok
test_nary_grid_2 (__main__.TestNaryGrid.test_nary_grid_2) ... ok
test_nary_grid_3 (__main__.TestNaryGrid.test_nary_grid_3) ... ok
test_nary_grid_4 (__main__.TestNaryGrid.test_nary_grid_4) ... ok
test_bin_prop_fc_0 (__main__.TestPropFC.test_bin_prop_fc_0) ... ok
test_bin_prop_fc_1 (__main__.TestPropFC.test_bin_prop_fc_1) ... ok
test_bin_prop_fc_2 (__main__.TestPropFC.test_bin_prop_fc_2) ... ok
test_bin_prop_fc_3 (__main__.TestPropFC.test_bin_prop_fc_3) ... ok
test_bin_prop_fc_4 (__main__.TestPropFC.test_bin_prop_fc_4) ... ok
test_prop_fc_0 (__main__.TestPropFC.test_prop_fc_0) ... ok
test_prop_fc_1 (__main__.TestPropFC.test_prop_fc_1) ... ok
test_prop_fc_2 (__main__.TestPropFC.test_prop_fc_2) ... ok
test_prop_fc_3 (__main__.TestPropFC.test_prop_fc_3) ... ok
test_prop_fc_4 (__main__.TestPropFC.test_prop_fc_4) ... ok
test_prop_GAC_0 (__main__.TestPropGAC.test_prop_GAC_0) ... ok
test_prop_GAC_1 (__main__.TestPropGAC.test_prop_GAC_1) ... ok
test_prop_GAC_2 (__main__.TestPropGAC.test_prop_GAC_2) ... ok
test_prop_GAC_3 (__main__.TestPropGAC.test_prop_GAC_3) ... ok
test_prop_GAC_4 (__main__.TestPropGAC.test_prop_GAC_4) ... ok
test_prop_GAC_5 (__main__.TestPropGAC.test_prop_GAC_5) ... ok
test_prop_GAC_6 (__main__.TestPropGAC.test_prop_GAC_6) ... ok
test_prop_GAC_7 (__main__.TestPropGAC.test_prop_GAC_7) ... ok
test_prop_GAC_8 (__main__.TestPropGAC.test_prop_GAC_8) ... ok
test_prop_GAC_9 (__main__.TestPropGAC.test_prop_GAC_9) ... ok

======================================================================
ERROR: test_cage_existence (__main__.TestCageConstraints.test_cage_existence)
----------------------------------------------------------------------
Traceback (most recent call last):
  File "/Users/familymccann/Documents/Queens/3rd_year/cisc 352/Assignment_1/A1/autograder_stu.py", line 622, in test_cage_existence
    if v.name == correct:
       ^^^^^^
AttributeError: 'list' object has no attribute 'name'

======================================================================
ERROR: test_cages_1 (__main__.TestCageConstraints.test_cages_1)
----------------------------------------------------------------------
Traceback (most recent call last):
  File "/Users/familymccann/Documents/Queens/3rd_year/cisc 352/Assignment_1/A1/autograder_stu.py", line 659, in test_cages_1
    if not isinstance(guess[0].scope[0].dom[0], str):
                      ~~~~~^^^
IndexError: list index out of range

======================================================================
ERROR: test_cages_2 (__main__.TestCageConstraints.test_cages_2)
----------------------------------------------------------------------
Traceback (most recent call last):
  File "/Users/familymccann/Documents/Queens/3rd_year/cisc 352/Assignment_1/A1/autograder_stu.py", line 733, in test_cages_2
    if not isinstance(guess[0].scope[0].dom[0], str):
                      ~~~~~^^^
IndexError: list index out of range

======================================================================
ERROR: test_cages_3 (__main__.TestCageConstraints.test_cages_3)
----------------------------------------------------------------------
Traceback (most recent call last):
  File "/Users/familymccann/Documents/Queens/3rd_year/cisc 352/Assignment_1/A1/autograder_stu.py", line 808, in test_cages_3
    if not isinstance(guess[0].scope[0].dom[0], str):
                      ~~~~~^^^
IndexError: list index out of range

======================================================================
ERROR: test_cages_4 (__main__.TestCageConstraints.test_cages_4)
----------------------------------------------------------------------
Traceback (most recent call last):
  File "/Users/familymccann/Documents/Queens/3rd_year/cisc 352/Assignment_1/A1/autograder_stu.py", line 882, in test_cages_4
    if not isinstance(guess[0].scope[0].dom[0], str):
                      ~~~~~^^^
IndexError: list index out of range

======================================================================
ERROR: test_cages_5 (__main__.TestCageConstraints.test_cages_5)
----------------------------------------------------------------------
Traceback (most recent call last):
  File "/Users/familymccann/Documents/Queens/3rd_year/cisc 352/Assignment_1/A1/autograder_stu.py", line 956, in test_cages_5
    if not isinstance(guess[0].scope[0].dom[0], str):
                      ~~~~~^^^
IndexError: list index out of range

======================================================================
ERROR: test_cages_6 (__main__.TestCageConstraints.test_cages_6)
----------------------------------------------------------------------
Traceback (most recent call last):
  File "/Users/familymccann/Documents/Queens/3rd_year/cisc 352/Assignment_1/A1/autograder_stu.py", line 1030, in test_cages_6
    if not isinstance(guess[0].scope[0].dom[0], str):
                      ~~~~~^^^
IndexError: list index out of range

----------------------------------------------------------------------
Ran 44 tests in 0.921s

FAILED (errors=7)
----------------------------------------------------------------------
Time spent:

test_bne_grid_1: 0.0002s
test_bne_grid_2: 0.0001s
test_bne_grid_3: 0.0007s
test_bne_grid_4: 0.0026s
test_bne_grid_5: 0.0053s
test_nary_grid_1: 0.0001s
test_nary_grid_2: 0.0003s
test_nary_grid_3: 0.0023s
test_nary_grid_4: 0.0139s
test_bin_prop_fc_0: 0.0003s
test_bin_prop_fc_1: 0.0008s
test_bin_prop_fc_2: 0.0013s
test_bin_prop_fc_3: 0.0010s
test_bin_prop_fc_4: 0.0010s
test_prop_fc_0: 0.0005s
test_prop_fc_1: 0.1844s
test_prop_fc_2: 0.2937s
test_prop_fc_3: 0.0005s
test_prop_fc_4: 0.2915s
test_prop_GAC_0: 0.0005s
test_prop_GAC_1: 0.0009s
test_prop_GAC_2: 0.0014s
test_prop_GAC_3: 0.0012s
test_prop_GAC_4: 0.0011s
test_prop_GAC_5: 0.0039s
test_prop_GAC_6: 0.0185s
test_prop_GAC_7: 0.0036s
test_prop_GAC_8: 0.0320s
test_prop_GAC_9: 0.0507s
----------------------------------------------------------------------
Grades:

FC: 0.5/0.5
GAC: 0.75/0.75
MRV: 0.25/0.25
DH: 0.25/0.25
BINARY: 0.25/0.25
NARY: 0.25/0.25
CAGEY: 0.0/0.5

TOTAL: 2.25/2.75
Code quality: ?/0.25

Running time: 2025_01_19-12:13:30

===========================================
test_bne_grid_1 (__main__.TestBinaryGrid.test_bne_grid_1) ... ok
test_bne_grid_2 (__main__.TestBinaryGrid.test_bne_grid_2) ... ok
test_bne_grid_3 (__main__.TestBinaryGrid.test_bne_grid_3) ... ok
test_bne_grid_4 (__main__.TestBinaryGrid.test_bne_grid_4) ... ok
test_bne_grid_5 (__main__.TestBinaryGrid.test_bne_grid_5) ... ok
test_cage_existence (__main__.TestCageConstraints.test_cage_existence) ... ERROR
test_cages_1 (__main__.TestCageConstraints.test_cages_1) ... ERROR
test_cages_2 (__main__.TestCageConstraints.test_cages_2) ... ERROR
test_cages_3 (__main__.TestCageConstraints.test_cages_3) ... ERROR
test_cages_4 (__main__.TestCageConstraints.test_cages_4) ... ERROR
test_cages_5 (__main__.TestCageConstraints.test_cages_5) ... ERROR
test_cages_6 (__main__.TestCageConstraints.test_cages_6) ... ERROR
test_dh_1 (__main__.TestDH.test_dh_1) ... ok
test_dh_2 (__main__.TestDH.test_dh_2) ... ok
test_dh_3 (__main__.TestDH.test_dh_3) ... ok
test_dh_4 (__main__.TestDH.test_dh_4) ... ok
test_mrv_1 (__main__.TestMRV.test_mrv_1) ... ok
test_mrv_2 (__main__.TestMRV.test_mrv_2) ... ok
test_mrv_3 (__main__.TestMRV.test_mrv_3) ... ok
test_mrv_4 (__main__.TestMRV.test_mrv_4) ... ok
test_nary_grid_1 (__main__.TestNaryGrid.test_nary_grid_1) ... ok
test_nary_grid_2 (__main__.TestNaryGrid.test_nary_grid_2) ... ok
test_nary_grid_3 (__main__.TestNaryGrid.test_nary_grid_3) ... ok
test_nary_grid_4 (__main__.TestNaryGrid.test_nary_grid_4) ... ok
test_bin_prop_fc_0 (__main__.TestPropFC.test_bin_prop_fc_0) ... ok
test_bin_prop_fc_1 (__main__.TestPropFC.test_bin_prop_fc_1) ... ok
test_bin_prop_fc_2 (__main__.TestPropFC.test_bin_prop_fc_2) ... ok
test_bin_prop_fc_3 (__main__.TestPropFC.test_bin_prop_fc_3) ... ok
test_bin_prop_fc_4 (__main__.TestPropFC.test_bin_prop_fc_4) ... ok
test_prop_fc_0 (__main__.TestPropFC.test_prop_fc_0) ... ok
test_prop_fc_1 (__main__.TestPropFC.test_prop_fc_1) ... ok
test_prop_fc_2 (__main__.TestPropFC.test_prop_fc_2) ... ok
test_prop_fc_3 (__main__.TestPropFC.test_prop_fc_3) ... ok
test_prop_fc_4 (__main__.TestPropFC.test_prop_fc_4) ... ok
test_prop_GAC_0 (__main__.TestPropGAC.test_prop_GAC_0) ... ok
test_prop_GAC_1 (__main__.TestPropGAC.test_prop_GAC_1) ... ok
test_prop_GAC_2 (__main__.TestPropGAC.test_prop_GAC_2) ... ok
test_prop_GAC_3 (__main__.TestPropGAC.test_prop_GAC_3) ... ok
test_prop_GAC_4 (__main__.TestPropGAC.test_prop_GAC_4) ... ok
test_prop_GAC_5 (__main__.TestPropGAC.test_prop_GAC_5) ... ok
test_prop_GAC_6 (__main__.TestPropGAC.test_prop_GAC_6) ... ok
test_prop_GAC_7 (__main__.TestPropGAC.test_prop_GAC_7) ... ok
test_prop_GAC_8 (__main__.TestPropGAC.test_prop_GAC_8) ... ok
test_prop_GAC_9 (__main__.TestPropGAC.test_prop_GAC_9) ... ok

======================================================================
ERROR: test_cage_existence (__main__.TestCageConstraints.test_cage_existence)
----------------------------------------------------------------------
Traceback (most recent call last):
  File "/Users/familymccann/Documents/Queens/3rd_year/cisc 352/Assignment_1/A1/autograder_stu.py", line 622, in test_cage_existence
    if v.name == correct:
       ^^^^^^
AttributeError: 'list' object has no attribute 'name'

======================================================================
ERROR: test_cages_1 (__main__.TestCageConstraints.test_cages_1)
----------------------------------------------------------------------
Traceback (most recent call last):
  File "/Users/familymccann/Documents/Queens/3rd_year/cisc 352/Assignment_1/A1/autograder_stu.py", line 659, in test_cages_1
    if not isinstance(guess[0].scope[0].dom[0], str):
                      ~~~~~^^^
IndexError: list index out of range

======================================================================
ERROR: test_cages_2 (__main__.TestCageConstraints.test_cages_2)
----------------------------------------------------------------------
Traceback (most recent call last):
  File "/Users/familymccann/Documents/Queens/3rd_year/cisc 352/Assignment_1/A1/autograder_stu.py", line 733, in test_cages_2
    if not isinstance(guess[0].scope[0].dom[0], str):
                      ~~~~~^^^
IndexError: list index out of range

======================================================================
ERROR: test_cages_3 (__main__.TestCageConstraints.test_cages_3)
----------------------------------------------------------------------
Traceback (most recent call last):
  File "/Users/familymccann/Documents/Queens/3rd_year/cisc 352/Assignment_1/A1/autograder_stu.py", line 808, in test_cages_3
    if not isinstance(guess[0].scope[0].dom[0], str):
                      ~~~~~^^^
IndexError: list index out of range

======================================================================
ERROR: test_cages_4 (__main__.TestCageConstraints.test_cages_4)
----------------------------------------------------------------------
Traceback (most recent call last):
  File "/Users/familymccann/Documents/Queens/3rd_year/cisc 352/Assignment_1/A1/autograder_stu.py", line 882, in test_cages_4
    if not isinstance(guess[0].scope[0].dom[0], str):
                      ~~~~~^^^
IndexError: list index out of range

======================================================================
ERROR: test_cages_5 (__main__.TestCageConstraints.test_cages_5)
----------------------------------------------------------------------
Traceback (most recent call last):
  File "/Users/familymccann/Documents/Queens/3rd_year/cisc 352/Assignment_1/A1/autograder_stu.py", line 956, in test_cages_5
    if not isinstance(guess[0].scope[0].dom[0], str):
                      ~~~~~^^^
IndexError: list index out of range

======================================================================
ERROR: test_cages_6 (__main__.TestCageConstraints.test_cages_6)
----------------------------------------------------------------------
Traceback (most recent call last):
  File "/Users/familymccann/Documents/Queens/3rd_year/cisc 352/Assignment_1/A1/autograder_stu.py", line 1030, in test_cages_6
    if not isinstance(guess[0].scope[0].dom[0], str):
                      ~~~~~^^^
IndexError: list index out of range

----------------------------------------------------------------------
Ran 44 tests in 0.923s

FAILED (errors=7)
----------------------------------------------------------------------
Time spent:

test_bne_grid_1: 0.0002s
test_bne_grid_2: 0.0001s
test_bne_grid_3: 0.0007s
test_bne_grid_4: 0.0026s
test_bne_grid_5: 0.0053s
test_nary_grid_1: 0.0001s
test_nary_grid_2: 0.0004s
test_nary_grid_3: 0.0021s
test_nary_grid_4: 0.0143s
test_bin_prop_fc_0: 0.0003s
test_bin_prop_fc_1: 0.0011s
test_bin_prop_fc_2: 0.0015s
test_bin_prop_fc_3: 0.0058s
test_bin_prop_fc_4: 0.0145s
test_prop_fc_0: 0.0008s
test_prop_fc_1: 0.1663s
test_prop_fc_2: 0.2930s
test_prop_fc_3: 0.0005s
test_prop_fc_4: 0.2883s
test_prop_GAC_0: 0.0004s
test_prop_GAC_1: 0.0011s
test_prop_GAC_2: 0.0014s
test_prop_GAC_3: 0.0014s
test_prop_GAC_4: 0.0011s
test_prop_GAC_5: 0.0038s
test_prop_GAC_6: 0.0187s
test_prop_GAC_7: 0.0037s
test_prop_GAC_8: 0.0318s
test_prop_GAC_9: 0.0500s
----------------------------------------------------------------------
Grades:

FC: 0.5/0.5
GAC: 0.75/0.75
MRV: 0.25/0.25
DH: 0.25/0.25
BINARY: 0.25/0.25
NARY: 0.25/0.25
CAGEY: 0.0/0.5

TOTAL: 2.25/2.75
Code quality: ?/0.25

Running time: 2025_01_19-12:17:05

===========================================
test_bne_grid_1 (__main__.TestBinaryGrid.test_bne_grid_1) ... ok
test_bne_grid_2 (__main__.TestBinaryGrid.test_bne_grid_2) ... ok
test_bne_grid_3 (__main__.TestBinaryGrid.test_bne_grid_3) ... ok
test_bne_grid_4 (__main__.TestBinaryGrid.test_bne_grid_4) ... ok
test_bne_grid_5 (__main__.TestBinaryGrid.test_bne_grid_5) ... ok
test_cage_existence (__main__.TestCageConstraints.test_cage_existence) ... ERROR
test_cages_1 (__main__.TestCageConstraints.test_cages_1) ... ERROR
test_cages_2 (__main__.TestCageConstraints.test_cages_2) ... ERROR
test_cages_3 (__main__.TestCageConstraints.test_cages_3) ... ERROR
test_cages_4 (__main__.TestCageConstraints.test_cages_4) ... ERROR
test_cages_5 (__main__.TestCageConstraints.test_cages_5) ... ERROR
test_cages_6 (__main__.TestCageConstraints.test_cages_6) ... ERROR
test_dh_1 (__main__.TestDH.test_dh_1) ... ok
test_dh_2 (__main__.TestDH.test_dh_2) ... ok
test_dh_3 (__main__.TestDH.test_dh_3) ... ok
test_dh_4 (__main__.TestDH.test_dh_4) ... ok
test_mrv_1 (__main__.TestMRV.test_mrv_1) ... ok
test_mrv_2 (__main__.TestMRV.test_mrv_2) ... ok
test_mrv_3 (__main__.TestMRV.test_mrv_3) ... ok
test_mrv_4 (__main__.TestMRV.test_mrv_4) ... ok
test_nary_grid_1 (__main__.TestNaryGrid.test_nary_grid_1) ... ok
test_nary_grid_2 (__main__.TestNaryGrid.test_nary_grid_2) ... ok
test_nary_grid_3 (__main__.TestNaryGrid.test_nary_grid_3) ... ok
test_nary_grid_4 (__main__.TestNaryGrid.test_nary_grid_4) ... ok
test_bin_prop_fc_0 (__main__.TestPropFC.test_bin_prop_fc_0) ... ok
test_bin_prop_fc_1 (__main__.TestPropFC.test_bin_prop_fc_1) ... ok
test_bin_prop_fc_2 (__main__.TestPropFC.test_bin_prop_fc_2) ... ok
test_bin_prop_fc_3 (__main__.TestPropFC.test_bin_prop_fc_3) ... ok
test_bin_prop_fc_4 (__main__.TestPropFC.test_bin_prop_fc_4) ... ok
test_prop_fc_0 (__main__.TestPropFC.test_prop_fc_0) ... ok
test_prop_fc_1 (__main__.TestPropFC.test_prop_fc_1) ... ok
test_prop_fc_2 (__main__.TestPropFC.test_prop_fc_2) ... ok
test_prop_fc_3 (__main__.TestPropFC.test_prop_fc_3) ... ok
test_prop_fc_4 (__main__.TestPropFC.test_prop_fc_4) ... ok
test_prop_GAC_0 (__main__.TestPropGAC.test_prop_GAC_0) ... ok
test_prop_GAC_1 (__main__.TestPropGAC.test_prop_GAC_1) ... ok
test_prop_GAC_2 (__main__.TestPropGAC.test_prop_GAC_2) ... ok
test_prop_GAC_3 (__main__.TestPropGAC.test_prop_GAC_3) ... ok
test_prop_GAC_4 (__main__.TestPropGAC.test_prop_GAC_4) ... ok
test_prop_GAC_5 (__main__.TestPropGAC.test_prop_GAC_5) ... ok
test_prop_GAC_6 (__main__.TestPropGAC.test_prop_GAC_6) ... ok
test_prop_GAC_7 (__main__.TestPropGAC.test_prop_GAC_7) ... ok
test_prop_GAC_8 (__main__.TestPropGAC.test_prop_GAC_8) ... ok
test_prop_GAC_9 (__main__.TestPropGAC.test_prop_GAC_9) ... ok

======================================================================
ERROR: test_cage_existence (__main__.TestCageConstraints.test_cage_existence)
----------------------------------------------------------------------
Traceback (most recent call last):
  File "/Users/familymccann/Documents/Queens/3rd_year/cisc 352/Assignment_1/A1/autograder_stu.py", line 622, in test_cage_existence
    if v.name == correct:
       ^^^^^^
AttributeError: 'list' object has no attribute 'name'

======================================================================
ERROR: test_cages_1 (__main__.TestCageConstraints.test_cages_1)
----------------------------------------------------------------------
Traceback (most recent call last):
  File "/Users/familymccann/Documents/Queens/3rd_year/cisc 352/Assignment_1/A1/autograder_stu.py", line 659, in test_cages_1
    if not isinstance(guess[0].scope[0].dom[0], str):
                      ~~~~~^^^
IndexError: list index out of range

======================================================================
ERROR: test_cages_2 (__main__.TestCageConstraints.test_cages_2)
----------------------------------------------------------------------
Traceback (most recent call last):
  File "/Users/familymccann/Documents/Queens/3rd_year/cisc 352/Assignment_1/A1/autograder_stu.py", line 733, in test_cages_2
    if not isinstance(guess[0].scope[0].dom[0], str):
                      ~~~~~^^^
IndexError: list index out of range

======================================================================
ERROR: test_cages_3 (__main__.TestCageConstraints.test_cages_3)
----------------------------------------------------------------------
Traceback (most recent call last):
  File "/Users/familymccann/Documents/Queens/3rd_year/cisc 352/Assignment_1/A1/autograder_stu.py", line 808, in test_cages_3
    if not isinstance(guess[0].scope[0].dom[0], str):
                      ~~~~~^^^
IndexError: list index out of range

======================================================================
ERROR: test_cages_4 (__main__.TestCageConstraints.test_cages_4)
----------------------------------------------------------------------
Traceback (most recent call last):
  File "/Users/familymccann/Documents/Queens/3rd_year/cisc 352/Assignment_1/A1/autograder_stu.py", line 882, in test_cages_4
    if not isinstance(guess[0].scope[0].dom[0], str):
                      ~~~~~^^^
IndexError: list index out of range

======================================================================
ERROR: test_cages_5 (__main__.TestCageConstraints.test_cages_5)
----------------------------------------------------------------------
Traceback (most recent call last):
  File "/Users/familymccann/Documents/Queens/3rd_year/cisc 352/Assignment_1/A1/autograder_stu.py", line 956, in test_cages_5
    if not isinstance(guess[0].scope[0].dom[0], str):
                      ~~~~~^^^
IndexError: list index out of range

======================================================================
ERROR: test_cages_6 (__main__.TestCageConstraints.test_cages_6)
----------------------------------------------------------------------
Traceback (most recent call last):
  File "/Users/familymccann/Documents/Queens/3rd_year/cisc 352/Assignment_1/A1/autograder_stu.py", line 1030, in test_cages_6
    if not isinstance(guess[0].scope[0].dom[0], str):
                      ~~~~~^^^
IndexError: list index out of range

----------------------------------------------------------------------
Ran 44 tests in 0.925s

FAILED (errors=7)
----------------------------------------------------------------------
Time spent:

test_bne_grid_1: 0.0002s
test_bne_grid_2: 0.0001s
test_bne_grid_3: 0.0007s
test_bne_grid_4: 0.0026s
test_bne_grid_5: 0.0053s
test_nary_grid_1: 0.0001s
test_nary_grid_2: 0.0004s
test_nary_grid_3: 0.0020s
test_nary_grid_4: 0.0140s
test_bin_prop_fc_0: 0.0003s
test_bin_prop_fc_1: 0.0009s
test_bin_prop_fc_2: 0.0009s
test_bin_prop_fc_3: 0.0009s
test_bin_prop_fc_4: 0.0010s
test_prop_fc_0: 0.0004s
test_prop_fc_1: 0.1607s
test_prop_fc_2: 0.3207s
test_prop_fc_3: 0.0005s
test_prop_fc_4: 0.2924s
test_prop_GAC_0: 0.0004s
test_prop_GAC_1: 0.0010s
test_prop_GAC_2: 0.0015s
test_prop_GAC_3: 0.0012s
test_prop_GAC_4: 0.0011s
test_prop_GAC_5: 0.0039s
test_prop_GAC_6: 0.0187s
test_prop_GAC_7: 0.0039s
test_prop_GAC_8: 0.0321s
test_prop_GAC_9: 0.0508s
----------------------------------------------------------------------
Grades:

FC: 0.5/0.5
GAC: 0.75/0.75
MRV: 0.25/0.25
DH: 0.25/0.25
BINARY: 0.25/0.25
NARY: 0.25/0.25
CAGEY: 0.0/0.5

TOTAL: 2.25/2.75
Code quality: ?/0.25

Running time: 2025_01_19-12:18:07

===========================================
test_bne_grid_1 (__main__.TestBinaryGrid.test_bne_grid_1) ... ok
test_bne_grid_2 (__main__.TestBinaryGrid.test_bne_grid_2) ... ok
test_bne_grid_3 (__main__.TestBinaryGrid.test_bne_grid_3) ... ok
test_bne_grid_4 (__main__.TestBinaryGrid.test_bne_grid_4) ... ok
test_bne_grid_5 (__main__.TestBinaryGrid.test_bne_grid_5) ... ok
test_cage_existence (__main__.TestCageConstraints.test_cage_existence) ... ERROR
test_cages_1 (__main__.TestCageConstraints.test_cages_1) ... ERROR
test_cages_2 (__main__.TestCageConstraints.test_cages_2) ... ERROR
test_cages_3 (__main__.TestCageConstraints.test_cages_3) ... ERROR
test_cages_4 (__main__.TestCageConstraints.test_cages_4) ... ERROR
test_cages_5 (__main__.TestCageConstraints.test_cages_5) ... ERROR
test_cages_6 (__main__.TestCageConstraints.test_cages_6) ... ERROR
test_dh_1 (__main__.TestDH.test_dh_1) ... ok
test_dh_2 (__main__.TestDH.test_dh_2) ... ok
test_dh_3 (__main__.TestDH.test_dh_3) ... ok
test_dh_4 (__main__.TestDH.test_dh_4) ... ok
test_mrv_1 (__main__.TestMRV.test_mrv_1) ... ok
test_mrv_2 (__main__.TestMRV.test_mrv_2) ... ok
test_mrv_3 (__main__.TestMRV.test_mrv_3) ... ok
test_mrv_4 (__main__.TestMRV.test_mrv_4) ... ok
test_nary_grid_1 (__main__.TestNaryGrid.test_nary_grid_1) ... ok
test_nary_grid_2 (__main__.TestNaryGrid.test_nary_grid_2) ... ok
test_nary_grid_3 (__main__.TestNaryGrid.test_nary_grid_3) ... ok
test_nary_grid_4 (__main__.TestNaryGrid.test_nary_grid_4) ... ok
test_bin_prop_fc_0 (__main__.TestPropFC.test_bin_prop_fc_0) ... ok
test_bin_prop_fc_1 (__main__.TestPropFC.test_bin_prop_fc_1) ... ok
test_bin_prop_fc_2 (__main__.TestPropFC.test_bin_prop_fc_2) ... ok
test_bin_prop_fc_3 (__main__.TestPropFC.test_bin_prop_fc_3) ... ok
test_bin_prop_fc_4 (__main__.TestPropFC.test_bin_prop_fc_4) ... ok
test_prop_fc_0 (__main__.TestPropFC.test_prop_fc_0) ... ok
test_prop_fc_1 (__main__.TestPropFC.test_prop_fc_1) ... ok
test_prop_fc_2 (__main__.TestPropFC.test_prop_fc_2) ... ok
test_prop_fc_3 (__main__.TestPropFC.test_prop_fc_3) ... ok
test_prop_fc_4 (__main__.TestPropFC.test_prop_fc_4) ... ok
test_prop_GAC_0 (__main__.TestPropGAC.test_prop_GAC_0) ... ok
test_prop_GAC_1 (__main__.TestPropGAC.test_prop_GAC_1) ... ok
test_prop_GAC_2 (__main__.TestPropGAC.test_prop_GAC_2) ... ok
test_prop_GAC_3 (__main__.TestPropGAC.test_prop_GAC_3) ... ok
test_prop_GAC_4 (__main__.TestPropGAC.test_prop_GAC_4) ... ok
test_prop_GAC_5 (__main__.TestPropGAC.test_prop_GAC_5) ... ok
test_prop_GAC_6 (__main__.TestPropGAC.test_prop_GAC_6) ... ok
test_prop_GAC_7 (__main__.TestPropGAC.test_prop_GAC_7) ... ok
test_prop_GAC_8 (__main__.TestPropGAC.test_prop_GAC_8) ... ok
test_prop_GAC_9 (__main__.TestPropGAC.test_prop_GAC_9) ... ok

======================================================================
ERROR: test_cage_existence (__main__.TestCageConstraints.test_cage_existence)
----------------------------------------------------------------------
Traceback (most recent call last):
  File "/Users/familymccann/Documents/Queens/3rd_year/cisc 352/Assignment_1/A1/autograder_stu.py", line 622, in test_cage_existence
    if v.name == correct:
       ^^^^^^
AttributeError: 'list' object has no attribute 'name'

======================================================================
ERROR: test_cages_1 (__main__.TestCageConstraints.test_cages_1)
----------------------------------------------------------------------
Traceback (most recent call last):
  File "/Users/familymccann/Documents/Queens/3rd_year/cisc 352/Assignment_1/A1/autograder_stu.py", line 659, in test_cages_1
    if not isinstance(guess[0].scope[0].dom[0], str):
                      ~~~~~^^^
IndexError: list index out of range

======================================================================
ERROR: test_cages_2 (__main__.TestCageConstraints.test_cages_2)
----------------------------------------------------------------------
Traceback (most recent call last):
  File "/Users/familymccann/Documents/Queens/3rd_year/cisc 352/Assignment_1/A1/autograder_stu.py", line 733, in test_cages_2
    if not isinstance(guess[0].scope[0].dom[0], str):
                      ~~~~~^^^
IndexError: list index out of range

======================================================================
ERROR: test_cages_3 (__main__.TestCageConstraints.test_cages_3)
----------------------------------------------------------------------
Traceback (most recent call last):
  File "/Users/familymccann/Documents/Queens/3rd_year/cisc 352/Assignment_1/A1/autograder_stu.py", line 808, in test_cages_3
    if not isinstance(guess[0].scope[0].dom[0], str):
                      ~~~~~^^^
IndexError: list index out of range

======================================================================
ERROR: test_cages_4 (__main__.TestCageConstraints.test_cages_4)
----------------------------------------------------------------------
Traceback (most recent call last):
  File "/Users/familymccann/Documents/Queens/3rd_year/cisc 352/Assignment_1/A1/autograder_stu.py", line 882, in test_cages_4
    if not isinstance(guess[0].scope[0].dom[0], str):
                      ~~~~~^^^
IndexError: list index out of range

======================================================================
ERROR: test_cages_5 (__main__.TestCageConstraints.test_cages_5)
----------------------------------------------------------------------
Traceback (most recent call last):
  File "/Users/familymccann/Documents/Queens/3rd_year/cisc 352/Assignment_1/A1/autograder_stu.py", line 956, in test_cages_5
    if not isinstance(guess[0].scope[0].dom[0], str):
                      ~~~~~^^^
IndexError: list index out of range

======================================================================
ERROR: test_cages_6 (__main__.TestCageConstraints.test_cages_6)
----------------------------------------------------------------------
Traceback (most recent call last):
  File "/Users/familymccann/Documents/Queens/3rd_year/cisc 352/Assignment_1/A1/autograder_stu.py", line 1030, in test_cages_6
    if not isinstance(guess[0].scope[0].dom[0], str):
                      ~~~~~^^^
IndexError: list index out of range

----------------------------------------------------------------------
Ran 44 tests in 0.927s

FAILED (errors=7)
----------------------------------------------------------------------
Time spent:

test_bne_grid_1: 0.0002s
test_bne_grid_2: 0.0001s
test_bne_grid_3: 0.0007s
test_bne_grid_4: 0.0027s
test_bne_grid_5: 0.0052s
test_nary_grid_1: 0.0001s
test_nary_grid_2: 0.0003s
test_nary_grid_3: 0.0022s
test_nary_grid_4: 0.0143s
test_bin_prop_fc_0: 0.0003s
test_bin_prop_fc_1: 0.0009s
test_bin_prop_fc_2: 0.0013s
test_bin_prop_fc_3: 0.0009s
test_bin_prop_fc_4: 0.0008s
test_prop_fc_0: 0.0005s
test_prop_fc_1: 0.1803s
test_prop_fc_2: 0.2943s
test_prop_fc_3: 0.0005s
test_prop_fc_4: 0.2986s
test_prop_GAC_0: 0.0004s
test_prop_GAC_1: 0.0009s
test_prop_GAC_2: 0.0018s
test_prop_GAC_3: 0.0012s
test_prop_GAC_4: 0.0011s
test_prop_GAC_5: 0.0044s
test_prop_GAC_6: 0.0189s
test_prop_GAC_7: 0.0039s
test_prop_GAC_8: 0.0327s
test_prop_GAC_9: 0.0512s
----------------------------------------------------------------------
Grades:

FC: 0.5/0.5
GAC: 0.75/0.75
MRV: 0.25/0.25
DH: 0.25/0.25
BINARY: 0.25/0.25
NARY: 0.25/0.25
CAGEY: 0.0/0.5

TOTAL: 2.25/2.75
Code quality: ?/0.25

Running time: 2025_01_28-16:04:48

===========================================
test_bne_grid_1 (__main__.TestBinaryGrid.test_bne_grid_1) ... ok
test_bne_grid_2 (__main__.TestBinaryGrid.test_bne_grid_2) ... ok
test_bne_grid_3 (__main__.TestBinaryGrid.test_bne_grid_3) ... ok
test_bne_grid_4 (__main__.TestBinaryGrid.test_bne_grid_4) ... ok
test_bne_grid_5 (__main__.TestBinaryGrid.test_bne_grid_5) ... ok
test_cage_existence (__main__.TestCageConstraints.test_cage_existence) ... ERROR
test_cages_1 (__main__.TestCageConstraints.test_cages_1) ... ERROR
test_cages_2 (__main__.TestCageConstraints.test_cages_2) ... ERROR
test_cages_3 (__main__.TestCageConstraints.test_cages_3) ... ERROR
test_cages_4 (__main__.TestCageConstraints.test_cages_4) ... ERROR
test_cages_5 (__main__.TestCageConstraints.test_cages_5) ... ERROR
test_cages_6 (__main__.TestCageConstraints.test_cages_6) ... ERROR
test_dh_1 (__main__.TestDH.test_dh_1) ... ok
test_dh_2 (__main__.TestDH.test_dh_2) ... ok
test_dh_3 (__main__.TestDH.test_dh_3) ... ok
test_dh_4 (__main__.TestDH.test_dh_4) ... ok
test_mrv_1 (__main__.TestMRV.test_mrv_1) ... ok
test_mrv_2 (__main__.TestMRV.test_mrv_2) ... ok
test_mrv_3 (__main__.TestMRV.test_mrv_3) ... ok
test_mrv_4 (__main__.TestMRV.test_mrv_4) ... ok
test_nary_grid_1 (__main__.TestNaryGrid.test_nary_grid_1) ... ok
test_nary_grid_2 (__main__.TestNaryGrid.test_nary_grid_2) ... ok
test_nary_grid_3 (__main__.TestNaryGrid.test_nary_grid_3) ... ok
test_nary_grid_4 (__main__.TestNaryGrid.test_nary_grid_4) ... ok
test_bin_prop_fc_0 (__main__.TestPropFC.test_bin_prop_fc_0) ... ok
test_bin_prop_fc_1 (__main__.TestPropFC.test_bin_prop_fc_1) ... ok
test_bin_prop_fc_2 (__main__.TestPropFC.test_bin_prop_fc_2) ... ok
test_bin_prop_fc_3 (__main__.TestPropFC.test_bin_prop_fc_3) ... ok
test_bin_prop_fc_4 (__main__.TestPropFC.test_bin_prop_fc_4) ... ok
test_prop_fc_0 (__main__.TestPropFC.test_prop_fc_0) ... ok
test_prop_fc_1 (__main__.TestPropFC.test_prop_fc_1) ... ok
test_prop_fc_2 (__main__.TestPropFC.test_prop_fc_2) ... ok
test_prop_fc_3 (__main__.TestPropFC.test_prop_fc_3) ... ok
test_prop_fc_4 (__main__.TestPropFC.test_prop_fc_4) ... ok
test_prop_GAC_0 (__main__.TestPropGAC.test_prop_GAC_0) ... ok
test_prop_GAC_1 (__main__.TestPropGAC.test_prop_GAC_1) ... ok
test_prop_GAC_2 (__main__.TestPropGAC.test_prop_GAC_2) ... ok
test_prop_GAC_3 (__main__.TestPropGAC.test_prop_GAC_3) ... ok
test_prop_GAC_4 (__main__.TestPropGAC.test_prop_GAC_4) ... ok
test_prop_GAC_5 (__main__.TestPropGAC.test_prop_GAC_5) ... ok
test_prop_GAC_6 (__main__.TestPropGAC.test_prop_GAC_6) ... ok
test_prop_GAC_7 (__main__.TestPropGAC.test_prop_GAC_7) ... ok
test_prop_GAC_8 (__main__.TestPropGAC.test_prop_GAC_8) ... ok
test_prop_GAC_9 (__main__.TestPropGAC.test_prop_GAC_9) ... ok

======================================================================
ERROR: test_cage_existence (__main__.TestCageConstraints.test_cage_existence)
----------------------------------------------------------------------
Traceback (most recent call last):
  File "/Users/familymccann/Documents/Queens/3rd_year/cisc 352/Assignment_1/A1/autograder_stu.py", line 622, in test_cage_existence
    if v.name == correct:
       ^^^^^^
AttributeError: 'list' object has no attribute 'name'

======================================================================
ERROR: test_cages_1 (__main__.TestCageConstraints.test_cages_1)
----------------------------------------------------------------------
Traceback (most recent call last):
  File "/Users/familymccann/Documents/Queens/3rd_year/cisc 352/Assignment_1/A1/autograder_stu.py", line 659, in test_cages_1
    if not isinstance(guess[0].scope[0].dom[0], str):
                      ~~~~~^^^
IndexError: list index out of range

======================================================================
ERROR: test_cages_2 (__main__.TestCageConstraints.test_cages_2)
----------------------------------------------------------------------
Traceback (most recent call last):
  File "/Users/familymccann/Documents/Queens/3rd_year/cisc 352/Assignment_1/A1/autograder_stu.py", line 733, in test_cages_2
    if not isinstance(guess[0].scope[0].dom[0], str):
                      ~~~~~^^^
IndexError: list index out of range

======================================================================
ERROR: test_cages_3 (__main__.TestCageConstraints.test_cages_3)
----------------------------------------------------------------------
Traceback (most recent call last):
  File "/Users/familymccann/Documents/Queens/3rd_year/cisc 352/Assignment_1/A1/autograder_stu.py", line 808, in test_cages_3
    if not isinstance(guess[0].scope[0].dom[0], str):
                      ~~~~~^^^
IndexError: list index out of range

======================================================================
ERROR: test_cages_4 (__main__.TestCageConstraints.test_cages_4)
----------------------------------------------------------------------
Traceback (most recent call last):
  File "/Users/familymccann/Documents/Queens/3rd_year/cisc 352/Assignment_1/A1/autograder_stu.py", line 882, in test_cages_4
    if not isinstance(guess[0].scope[0].dom[0], str):
                      ~~~~~^^^
IndexError: list index out of range

======================================================================
ERROR: test_cages_5 (__main__.TestCageConstraints.test_cages_5)
----------------------------------------------------------------------
Traceback (most recent call last):
  File "/Users/familymccann/Documents/Queens/3rd_year/cisc 352/Assignment_1/A1/autograder_stu.py", line 956, in test_cages_5
    if not isinstance(guess[0].scope[0].dom[0], str):
                      ~~~~~^^^
IndexError: list index out of range

======================================================================
ERROR: test_cages_6 (__main__.TestCageConstraints.test_cages_6)
----------------------------------------------------------------------
Traceback (most recent call last):
  File "/Users/familymccann/Documents/Queens/3rd_year/cisc 352/Assignment_1/A1/autograder_stu.py", line 1030, in test_cages_6
    if not isinstance(guess[0].scope[0].dom[0], str):
                      ~~~~~^^^
IndexError: list index out of range

----------------------------------------------------------------------
Ran 44 tests in 0.932s

FAILED (errors=7)
----------------------------------------------------------------------
Time spent:

test_bne_grid_1: 0.0002s
test_bne_grid_2: 0.0001s
test_bne_grid_3: 0.0008s
test_bne_grid_4: 0.0027s
test_bne_grid_5: 0.0052s
test_nary_grid_1: 0.0001s
test_nary_grid_2: 0.0003s
test_nary_grid_3: 0.0020s
test_nary_grid_4: 0.0140s
test_bin_prop_fc_0: 0.0003s
test_bin_prop_fc_1: 0.0010s
test_bin_prop_fc_2: 0.0010s
test_bin_prop_fc_3: 0.0010s
test_bin_prop_fc_4: 0.0011s
test_prop_fc_0: 0.0004s
test_prop_fc_1: 0.1858s
test_prop_fc_2: 0.2974s
test_prop_fc_3: 0.0005s
test_prop_fc_4: 0.2939s
test_prop_GAC_0: 0.0004s
test_prop_GAC_1: 0.0009s
test_prop_GAC_2: 0.0017s
test_prop_GAC_3: 0.0015s
test_prop_GAC_4: 0.0014s
test_prop_GAC_5: 0.0045s
test_prop_GAC_6: 0.0190s
test_prop_GAC_7: 0.0038s
test_prop_GAC_8: 0.0325s
test_prop_GAC_9: 0.0509s
----------------------------------------------------------------------
Grades:

FC: 0.5/0.5
GAC: 0.75/0.75
MRV: 0.25/0.25
DH: 0.25/0.25
BINARY: 0.25/0.25
NARY: 0.25/0.25
CAGEY: 0.0/0.5

TOTAL: 2.25/2.75
Code quality: ?/0.25

Running time: 2025_01_28-16:59:19

===========================================
test_bne_grid_1 (__main__.TestBinaryGrid.test_bne_grid_1) ... ok
test_bne_grid_2 (__main__.TestBinaryGrid.test_bne_grid_2) ... ok
test_bne_grid_3 (__main__.TestBinaryGrid.test_bne_grid_3) ... ok
test_bne_grid_4 (__main__.TestBinaryGrid.test_bne_grid_4) ... ok
test_bne_grid_5 (__main__.TestBinaryGrid.test_bne_grid_5) ... ok
test_cage_existence (__main__.TestCageConstraints.test_cage_existence) ... FAIL
test_cages_1 (__main__.TestCageConstraints.test_cages_1) ... ERROR
test_cages_2 (__main__.TestCageConstraints.test_cages_2) ... ERROR
test_cages_3 (__main__.TestCageConstraints.test_cages_3) ... ERROR
test_cages_4 (__main__.TestCageConstraints.test_cages_4) ... ERROR
test_cages_5 (__main__.TestCageConstraints.test_cages_5) ... ERROR
test_cages_6 (__main__.TestCageConstraints.test_cages_6) ... ERROR
test_dh_1 (__main__.TestDH.test_dh_1) ... ok
test_dh_2 (__main__.TestDH.test_dh_2) ... ok
test_dh_3 (__main__.TestDH.test_dh_3) ... ok
test_dh_4 (__main__.TestDH.test_dh_4) ... ok
test_mrv_1 (__main__.TestMRV.test_mrv_1) ... ok
test_mrv_2 (__main__.TestMRV.test_mrv_2) ... ok
test_mrv_3 (__main__.TestMRV.test_mrv_3) ... ok
test_mrv_4 (__main__.TestMRV.test_mrv_4) ... ok
test_nary_grid_1 (__main__.TestNaryGrid.test_nary_grid_1) ... ok
test_nary_grid_2 (__main__.TestNaryGrid.test_nary_grid_2) ... ok
test_nary_grid_3 (__main__.TestNaryGrid.test_nary_grid_3) ... ok
test_nary_grid_4 (__main__.TestNaryGrid.test_nary_grid_4) ... ok
test_bin_prop_fc_0 (__main__.TestPropFC.test_bin_prop_fc_0) ... ok
test_bin_prop_fc_1 (__main__.TestPropFC.test_bin_prop_fc_1) ... ok
test_bin_prop_fc_2 (__main__.TestPropFC.test_bin_prop_fc_2) ... ok
test_bin_prop_fc_3 (__main__.TestPropFC.test_bin_prop_fc_3) ... ok
test_bin_prop_fc_4 (__main__.TestPropFC.test_bin_prop_fc_4) ... ok
test_prop_fc_0 (__main__.TestPropFC.test_prop_fc_0) ... ok
test_prop_fc_1 (__main__.TestPropFC.test_prop_fc_1) ... ok
test_prop_fc_2 (__main__.TestPropFC.test_prop_fc_2) ... ok
test_prop_fc_3 (__main__.TestPropFC.test_prop_fc_3) ... ok
test_prop_fc_4 (__main__.TestPropFC.test_prop_fc_4) ... ok
test_prop_GAC_0 (__main__.TestPropGAC.test_prop_GAC_0) ... ok
test_prop_GAC_1 (__main__.TestPropGAC.test_prop_GAC_1) ... ok
test_prop_GAC_2 (__main__.TestPropGAC.test_prop_GAC_2) ... ok
test_prop_GAC_3 (__main__.TestPropGAC.test_prop_GAC_3) ... ok
test_prop_GAC_4 (__main__.TestPropGAC.test_prop_GAC_4) ... ok
test_prop_GAC_5 (__main__.TestPropGAC.test_prop_GAC_5) ... ok
test_prop_GAC_6 (__main__.TestPropGAC.test_prop_GAC_6) ... ok
test_prop_GAC_7 (__main__.TestPropGAC.test_prop_GAC_7) ... ok
test_prop_GAC_8 (__main__.TestPropGAC.test_prop_GAC_8) ... ok
test_prop_GAC_9 (__main__.TestPropGAC.test_prop_GAC_9) ... ok

======================================================================
ERROR: test_cages_1 (__main__.TestCageConstraints.test_cages_1)
----------------------------------------------------------------------
Traceback (most recent call last):
  File "/Users/familymccann/Documents/Queens/3rd_year/cisc 352/Assignment_1/A1/autograder_stu.py", line 659, in test_cages_1
    if not isinstance(guess[0].scope[0].dom[0], str):
                      ~~~~~^^^
IndexError: list index out of range

======================================================================
ERROR: test_cages_2 (__main__.TestCageConstraints.test_cages_2)
----------------------------------------------------------------------
Traceback (most recent call last):
  File "/Users/familymccann/Documents/Queens/3rd_year/cisc 352/Assignment_1/A1/autograder_stu.py", line 733, in test_cages_2
    if not isinstance(guess[0].scope[0].dom[0], str):
                      ~~~~~^^^
IndexError: list index out of range

======================================================================
ERROR: test_cages_3 (__main__.TestCageConstraints.test_cages_3)
----------------------------------------------------------------------
Traceback (most recent call last):
  File "/Users/familymccann/Documents/Queens/3rd_year/cisc 352/Assignment_1/A1/autograder_stu.py", line 808, in test_cages_3
    if not isinstance(guess[0].scope[0].dom[0], str):
                      ~~~~~^^^
IndexError: list index out of range

======================================================================
ERROR: test_cages_4 (__main__.TestCageConstraints.test_cages_4)
----------------------------------------------------------------------
Traceback (most recent call last):
  File "/Users/familymccann/Documents/Queens/3rd_year/cisc 352/Assignment_1/A1/autograder_stu.py", line 882, in test_cages_4
    if not isinstance(guess[0].scope[0].dom[0], str):
                      ~~~~~^^^
IndexError: list index out of range

======================================================================
ERROR: test_cages_5 (__main__.TestCageConstraints.test_cages_5)
----------------------------------------------------------------------
Traceback (most recent call last):
  File "/Users/familymccann/Documents/Queens/3rd_year/cisc 352/Assignment_1/A1/autograder_stu.py", line 956, in test_cages_5
    if not isinstance(guess[0].scope[0].dom[0], str):
                      ~~~~~^^^
IndexError: list index out of range

======================================================================
ERROR: test_cages_6 (__main__.TestCageConstraints.test_cages_6)
----------------------------------------------------------------------
Traceback (most recent call last):
  File "/Users/familymccann/Documents/Queens/3rd_year/cisc 352/Assignment_1/A1/autograder_stu.py", line 1030, in test_cages_6
    if not isinstance(guess[0].scope[0].dom[0], str):
                      ~~~~~^^^
IndexError: list index out of range

======================================================================
FAIL: test_cage_existence (__main__.TestCageConstraints.test_cage_existence)
----------------------------------------------------------------------
AssertionError: False is not true : failed to find cage variable

----------------------------------------------------------------------
Ran 44 tests in 0.918s

FAILED (failures=1, errors=6)
----------------------------------------------------------------------
Time spent:

test_bne_grid_1: 0.0002s
test_bne_grid_2: 0.0002s
test_bne_grid_3: 0.0007s
test_bne_grid_4: 0.0028s
test_bne_grid_5: 0.0052s
test_nary_grid_1: 0.0001s
test_nary_grid_2: 0.0003s
test_nary_grid_3: 0.0020s
test_nary_grid_4: 0.0144s
test_bin_prop_fc_0: 0.0003s
test_bin_prop_fc_1: 0.0009s
test_bin_prop_fc_2: 0.0009s
test_bin_prop_fc_3: 0.0008s
test_bin_prop_fc_4: 0.0013s
test_prop_fc_0: 0.0004s
test_prop_fc_1: 0.1576s
test_prop_fc_2: 0.2935s
test_prop_fc_3: 0.0006s
test_prop_fc_4: 0.3107s
test_prop_GAC_0: 0.0005s
test_prop_GAC_1: 0.0009s
test_prop_GAC_2: 0.0026s
test_prop_GAC_3: 0.0020s
test_prop_GAC_4: 0.0011s
test_prop_GAC_5: 0.0040s
test_prop_GAC_6: 0.0190s
test_prop_GAC_7: 0.0039s
test_prop_GAC_8: 0.0321s
test_prop_GAC_9: 0.0506s
----------------------------------------------------------------------
Grades:

FC: 0.5/0.5
GAC: 0.75/0.75
MRV: 0.25/0.25
DH: 0.25/0.25
BINARY: 0.25/0.25
NARY: 0.25/0.25
CAGEY: 0.0/0.5

TOTAL: 2.25/2.75
Code quality: ?/0.25

Running time: 2025_01_28-17:33:19

===========================================
test_bne_grid_1 (__main__.TestBinaryGrid.test_bne_grid_1) ... ok
test_bne_grid_2 (__main__.TestBinaryGrid.test_bne_grid_2) ... ok
test_bne_grid_3 (__main__.TestBinaryGrid.test_bne_grid_3) ... ok
test_bne_grid_4 (__main__.TestBinaryGrid.test_bne_grid_4) ... ok
test_bne_grid_5 (__main__.TestBinaryGrid.test_bne_grid_5) ... ok
test_cage_existence (__main__.TestCageConstraints.test_cage_existence) ... ERROR
test_cages_1 (__main__.TestCageConstraints.test_cages_1) ... FAIL
test_cages_2 (__main__.TestCageConstraints.test_cages_2) ... FAIL
test_cages_3 (__main__.TestCageConstraints.test_cages_3) ... FAIL
test_cages_4 (__main__.TestCageConstraints.test_cages_4) ... FAIL
test_cages_5 (__main__.TestCageConstraints.test_cages_5) ... FAIL
test_cages_6 (__main__.TestCageConstraints.test_cages_6) ... FAIL
test_dh_1 (__main__.TestDH.test_dh_1) ... ok
test_dh_2 (__main__.TestDH.test_dh_2) ... ok
test_dh_3 (__main__.TestDH.test_dh_3) ... ok
test_dh_4 (__main__.TestDH.test_dh_4) ... ok
test_mrv_1 (__main__.TestMRV.test_mrv_1) ... ok
test_mrv_2 (__main__.TestMRV.test_mrv_2) ... ok
test_mrv_3 (__main__.TestMRV.test_mrv_3) ... ok
test_mrv_4 (__main__.TestMRV.test_mrv_4) ... ok
test_nary_grid_1 (__main__.TestNaryGrid.test_nary_grid_1) ... ok
test_nary_grid_2 (__main__.TestNaryGrid.test_nary_grid_2) ... ok
test_nary_grid_3 (__main__.TestNaryGrid.test_nary_grid_3) ... ok
test_nary_grid_4 (__main__.TestNaryGrid.test_nary_grid_4) ... ok
test_bin_prop_fc_0 (__main__.TestPropFC.test_bin_prop_fc_0) ... ok
test_bin_prop_fc_1 (__main__.TestPropFC.test_bin_prop_fc_1) ... ok
test_bin_prop_fc_2 (__main__.TestPropFC.test_bin_prop_fc_2) ... ok
test_bin_prop_fc_3 (__main__.TestPropFC.test_bin_prop_fc_3) ... ok
test_bin_prop_fc_4 (__main__.TestPropFC.test_bin_prop_fc_4) ... ok
test_prop_fc_0 (__main__.TestPropFC.test_prop_fc_0) ... ok
test_prop_fc_1 (__main__.TestPropFC.test_prop_fc_1) ... ok
test_prop_fc_2 (__main__.TestPropFC.test_prop_fc_2) ... ok
test_prop_fc_3 (__main__.TestPropFC.test_prop_fc_3) ... ok
test_prop_fc_4 (__main__.TestPropFC.test_prop_fc_4) ... ok
test_prop_GAC_0 (__main__.TestPropGAC.test_prop_GAC_0) ... ok
test_prop_GAC_1 (__main__.TestPropGAC.test_prop_GAC_1) ... ok
test_prop_GAC_2 (__main__.TestPropGAC.test_prop_GAC_2) ... ok
test_prop_GAC_3 (__main__.TestPropGAC.test_prop_GAC_3) ... ok
test_prop_GAC_4 (__main__.TestPropGAC.test_prop_GAC_4) ... ok
test_prop_GAC_5 (__main__.TestPropGAC.test_prop_GAC_5) ... ok
test_prop_GAC_6 (__main__.TestPropGAC.test_prop_GAC_6) ... ok
test_prop_GAC_7 (__main__.TestPropGAC.test_prop_GAC_7) ... ok
test_prop_GAC_8 (__main__.TestPropGAC.test_prop_GAC_8) ... ok
test_prop_GAC_9 (__main__.TestPropGAC.test_prop_GAC_9) ... ok

======================================================================
ERROR: test_cage_existence (__main__.TestCageConstraints.test_cage_existence)
----------------------------------------------------------------------
Traceback (most recent call last):
  File "/Users/familymccann/Documents/Queens/3rd_year/cisc 352/Assignment_1/A1/autograder_stu.py", line 616, in test_cage_existence
    csp, var_array = cagey_csp_model(board)
                     ^^^^^^^^^^^^^^^^^^^^^^
  File "/Users/familymccann/Documents/Queens/3rd_year/cisc 352/Assignment_1/A1/cagey_csp.py", line 287, in cagey_csp_model
    cage_vars = [variables[row - 1][col - 1] for row, col in cells]
                ^^^^^^^^^^^^^^^^^^^^^^^^^^^^^^^^^^^^^^^^^^^^^^^^^^^
  File "/Users/familymccann/Documents/Queens/3rd_year/cisc 352/Assignment_1/A1/cagey_csp.py", line 287, in <listcomp>
    cage_vars = [variables[row - 1][col - 1] for row, col in cells]
                 ~~~~~~~~~~~~~~~~~~^^^^^^^^^
TypeError: 'Variable' object is not subscriptable

======================================================================
FAIL: test_cages_1 (__main__.TestCageConstraints.test_cages_1)
----------------------------------------------------------------------
AssertionError: False is not true : 

Student code threw exception "'Variable' object is not subscriptable". Failed to construct board!
(2, [(4, [(1, 1), (1, 2), (2, 1), (2, 2)], '+')])


======================================================================
FAIL: test_cages_2 (__main__.TestCageConstraints.test_cages_2)
----------------------------------------------------------------------
AssertionError: False is not true : 

Student code threw exception "'Variable' object is not subscriptable". Failed to construct board!
(2, [(4, [(1, 1), (1, 2), (2, 1), (2, 2)], '-')])


======================================================================
FAIL: test_cages_3 (__main__.TestCageConstraints.test_cages_3)
----------------------------------------------------------------------
AssertionError: False is not true : 

Student code threw exception "'Variable' object is not subscriptable". Failed to construct board!
(2, [(4, [(1, 1), (1, 2), (2, 1), (2, 2)], '*')])


======================================================================
FAIL: test_cages_4 (__main__.TestCageConstraints.test_cages_4)
----------------------------------------------------------------------
AssertionError: False is not true : 

Student code threw exception "'Variable' object is not subscriptable". Failed to construct board!
(3, [(10, [(1, 1), (1, 2), (1, 3), (2, 1), (2, 2), (2, 3)], '+')])


======================================================================
FAIL: test_cages_5 (__main__.TestCageConstraints.test_cages_5)
----------------------------------------------------------------------
AssertionError: False is not true : 

Student code threw exception "'Variable' object is not subscriptable". Failed to construct board!
(3, [(7, [(1, 1), (1, 2), (1, 3), (2, 1), (2, 2), (2, 3)], '-')])


======================================================================
FAIL: test_cages_6 (__main__.TestCageConstraints.test_cages_6)
----------------------------------------------------------------------
AssertionError: False is not true : 

Student code threw exception "'Variable' object is not subscriptable". Failed to construct board!
(3, [(10, [(1, 1), (1, 2), (1, 3), (2, 1), (2, 2), (2, 3)], '*')])


----------------------------------------------------------------------
Ran 44 tests in 0.894s

FAILED (failures=6, errors=1)
----------------------------------------------------------------------
Time spent:

test_bne_grid_1: 0.0002s
test_bne_grid_2: 0.0001s
test_bne_grid_3: 0.0007s
test_bne_grid_4: 0.0025s
test_bne_grid_5: 0.0057s
test_nary_grid_1: 0.0001s
test_nary_grid_2: 0.0003s
test_nary_grid_3: 0.0021s
test_nary_grid_4: 0.0144s
test_bin_prop_fc_0: 0.0003s
test_bin_prop_fc_1: 0.0009s
test_bin_prop_fc_2: 0.0009s
test_bin_prop_fc_3: 0.0011s
test_bin_prop_fc_4: 0.0009s
test_prop_fc_0: 0.0005s
test_prop_fc_1: 0.1584s
test_prop_fc_2: 0.2927s
test_prop_fc_3: 0.0005s
test_prop_fc_4: 0.2919s
test_prop_GAC_0: 0.0004s
test_prop_GAC_1: 0.0008s
test_prop_GAC_2: 0.0017s
test_prop_GAC_3: 0.0012s
test_prop_GAC_4: 0.0012s
test_prop_GAC_5: 0.0039s
test_prop_GAC_6: 0.0189s
test_prop_GAC_7: 0.0038s
test_prop_GAC_8: 0.0320s
test_prop_GAC_9: 0.0502s
----------------------------------------------------------------------
Grades:

FC: 0.5/0.5
GAC: 0.75/0.75
MRV: 0.25/0.25
DH: 0.25/0.25
BINARY: 0.25/0.25
NARY: 0.25/0.25
CAGEY: 0.0/0.5

TOTAL: 2.25/2.75
Code quality: ?/0.25

Running time: 2025_01_28-17:48:37

===========================================
test_bne_grid_1 (__main__.TestBinaryGrid.test_bne_grid_1) ... ok
test_bne_grid_2 (__main__.TestBinaryGrid.test_bne_grid_2) ... ok
test_bne_grid_3 (__main__.TestBinaryGrid.test_bne_grid_3) ... ok
test_bne_grid_4 (__main__.TestBinaryGrid.test_bne_grid_4) ... ok
test_bne_grid_5 (__main__.TestBinaryGrid.test_bne_grid_5) ... ok
test_cage_existence (__main__.TestCageConstraints.test_cage_existence) ... FAIL
test_cages_1 (__main__.TestCageConstraints.test_cages_1) ... ERROR
test_cages_2 (__main__.TestCageConstraints.test_cages_2) ... ERROR
test_cages_3 (__main__.TestCageConstraints.test_cages_3) ... ERROR
test_cages_4 (__main__.TestCageConstraints.test_cages_4) ... ERROR
test_cages_5 (__main__.TestCageConstraints.test_cages_5) ... ERROR
test_cages_6 (__main__.TestCageConstraints.test_cages_6) ... ERROR
test_dh_1 (__main__.TestDH.test_dh_1) ... ok
test_dh_2 (__main__.TestDH.test_dh_2) ... ok
test_dh_3 (__main__.TestDH.test_dh_3) ... ok
test_dh_4 (__main__.TestDH.test_dh_4) ... ok
test_mrv_1 (__main__.TestMRV.test_mrv_1) ... ok
test_mrv_2 (__main__.TestMRV.test_mrv_2) ... ok
test_mrv_3 (__main__.TestMRV.test_mrv_3) ... ok
test_mrv_4 (__main__.TestMRV.test_mrv_4) ... ok
test_nary_grid_1 (__main__.TestNaryGrid.test_nary_grid_1) ... ok
test_nary_grid_2 (__main__.TestNaryGrid.test_nary_grid_2) ... ok
test_nary_grid_3 (__main__.TestNaryGrid.test_nary_grid_3) ... ok
test_nary_grid_4 (__main__.TestNaryGrid.test_nary_grid_4) ... ok
test_bin_prop_fc_0 (__main__.TestPropFC.test_bin_prop_fc_0) ... ok
test_bin_prop_fc_1 (__main__.TestPropFC.test_bin_prop_fc_1) ... ok
test_bin_prop_fc_2 (__main__.TestPropFC.test_bin_prop_fc_2) ... ok
test_bin_prop_fc_3 (__main__.TestPropFC.test_bin_prop_fc_3) ... ok
test_bin_prop_fc_4 (__main__.TestPropFC.test_bin_prop_fc_4) ... ok
test_prop_fc_0 (__main__.TestPropFC.test_prop_fc_0) ... ok
test_prop_fc_1 (__main__.TestPropFC.test_prop_fc_1) ... ok
test_prop_fc_2 (__main__.TestPropFC.test_prop_fc_2) ... ok
test_prop_fc_3 (__main__.TestPropFC.test_prop_fc_3) ... ok
test_prop_fc_4 (__main__.TestPropFC.test_prop_fc_4) ... ok
test_prop_GAC_0 (__main__.TestPropGAC.test_prop_GAC_0) ... ok
test_prop_GAC_1 (__main__.TestPropGAC.test_prop_GAC_1) ... ok
test_prop_GAC_2 (__main__.TestPropGAC.test_prop_GAC_2) ... ok
test_prop_GAC_3 (__main__.TestPropGAC.test_prop_GAC_3) ... ok
test_prop_GAC_4 (__main__.TestPropGAC.test_prop_GAC_4) ... ok
test_prop_GAC_5 (__main__.TestPropGAC.test_prop_GAC_5) ... ok
test_prop_GAC_6 (__main__.TestPropGAC.test_prop_GAC_6) ... ok
test_prop_GAC_7 (__main__.TestPropGAC.test_prop_GAC_7) ... ok
test_prop_GAC_8 (__main__.TestPropGAC.test_prop_GAC_8) ... ok
test_prop_GAC_9 (__main__.TestPropGAC.test_prop_GAC_9) ... ok

======================================================================
ERROR: test_cages_1 (__main__.TestCageConstraints.test_cages_1)
----------------------------------------------------------------------
Traceback (most recent call last):
  File "/Users/familymccann/Documents/Queens/3rd_year/cisc 352/Assignment_1/A1/autograder_stu.py", line 659, in test_cages_1
    if not isinstance(guess[0].scope[0].dom[0], str):
                      ~~~~~^^^
IndexError: list index out of range

======================================================================
ERROR: test_cages_2 (__main__.TestCageConstraints.test_cages_2)
----------------------------------------------------------------------
Traceback (most recent call last):
  File "/Users/familymccann/Documents/Queens/3rd_year/cisc 352/Assignment_1/A1/autograder_stu.py", line 733, in test_cages_2
    if not isinstance(guess[0].scope[0].dom[0], str):
                      ~~~~~^^^
IndexError: list index out of range

======================================================================
ERROR: test_cages_3 (__main__.TestCageConstraints.test_cages_3)
----------------------------------------------------------------------
Traceback (most recent call last):
  File "/Users/familymccann/Documents/Queens/3rd_year/cisc 352/Assignment_1/A1/autograder_stu.py", line 808, in test_cages_3
    if not isinstance(guess[0].scope[0].dom[0], str):
                      ~~~~~^^^
IndexError: list index out of range

======================================================================
ERROR: test_cages_4 (__main__.TestCageConstraints.test_cages_4)
----------------------------------------------------------------------
Traceback (most recent call last):
  File "/Users/familymccann/Documents/Queens/3rd_year/cisc 352/Assignment_1/A1/autograder_stu.py", line 882, in test_cages_4
    if not isinstance(guess[0].scope[0].dom[0], str):
                      ~~~~~^^^
IndexError: list index out of range

======================================================================
ERROR: test_cages_5 (__main__.TestCageConstraints.test_cages_5)
----------------------------------------------------------------------
Traceback (most recent call last):
  File "/Users/familymccann/Documents/Queens/3rd_year/cisc 352/Assignment_1/A1/autograder_stu.py", line 956, in test_cages_5
    if not isinstance(guess[0].scope[0].dom[0], str):
                      ~~~~~^^^
IndexError: list index out of range

======================================================================
ERROR: test_cages_6 (__main__.TestCageConstraints.test_cages_6)
----------------------------------------------------------------------
Traceback (most recent call last):
  File "/Users/familymccann/Documents/Queens/3rd_year/cisc 352/Assignment_1/A1/autograder_stu.py", line 1030, in test_cages_6
    if not isinstance(guess[0].scope[0].dom[0], str):
                      ~~~~~^^^
IndexError: list index out of range

======================================================================
FAIL: test_cage_existence (__main__.TestCageConstraints.test_cage_existence)
----------------------------------------------------------------------
AssertionError: False is not true : failed to find cage variable

----------------------------------------------------------------------
Ran 44 tests in 0.910s

FAILED (failures=1, errors=6)
----------------------------------------------------------------------
Time spent:

test_bne_grid_1: 0.0002s
test_bne_grid_2: 0.0001s
test_bne_grid_3: 0.0007s
test_bne_grid_4: 0.0025s
test_bne_grid_5: 0.0052s
test_nary_grid_1: 0.0001s
test_nary_grid_2: 0.0003s
test_nary_grid_3: 0.0018s
test_nary_grid_4: 0.0141s
test_bin_prop_fc_0: 0.0003s
test_bin_prop_fc_1: 0.0008s
test_bin_prop_fc_2: 0.0012s
test_bin_prop_fc_3: 0.0010s
test_bin_prop_fc_4: 0.0010s
test_prop_fc_0: 0.0005s
test_prop_fc_1: 0.1566s
test_prop_fc_2: 0.2918s
test_prop_fc_3: 0.0005s
test_prop_fc_4: 0.3104s
test_prop_GAC_0: 0.0004s
test_prop_GAC_1: 0.0010s
test_prop_GAC_2: 0.0017s
test_prop_GAC_3: 0.0012s
test_prop_GAC_4: 0.0012s
test_prop_GAC_5: 0.0038s
test_prop_GAC_6: 0.0185s
test_prop_GAC_7: 0.0037s
test_prop_GAC_8: 0.0319s
test_prop_GAC_9: 0.0503s
----------------------------------------------------------------------
Grades:

FC: 0.5/0.5
GAC: 0.75/0.75
MRV: 0.25/0.25
DH: 0.25/0.25
BINARY: 0.25/0.25
NARY: 0.25/0.25
CAGEY: 0.0/0.5

TOTAL: 2.25/2.75
Code quality: ?/0.25

Running time: 2025_01_28-17:54:04

===========================================
test_bne_grid_1 (__main__.TestBinaryGrid.test_bne_grid_1) ... ok
test_bne_grid_2 (__main__.TestBinaryGrid.test_bne_grid_2) ... ok
test_bne_grid_3 (__main__.TestBinaryGrid.test_bne_grid_3) ... ok
test_bne_grid_4 (__main__.TestBinaryGrid.test_bne_grid_4) ... ok
test_bne_grid_5 (__main__.TestBinaryGrid.test_bne_grid_5) ... ok
test_cage_existence (__main__.TestCageConstraints.test_cage_existence) ... FAIL
test_cages_1 (__main__.TestCageConstraints.test_cages_1) ... ok
test_cages_2 (__main__.TestCageConstraints.test_cages_2) ... FAIL
test_cages_3 (__main__.TestCageConstraints.test_cages_3) ... ok
test_cages_4 (__main__.TestCageConstraints.test_cages_4) ... ok
test_cages_5 (__main__.TestCageConstraints.test_cages_5) ... FAIL
test_cages_6 (__main__.TestCageConstraints.test_cages_6) ... ok
test_dh_1 (__main__.TestDH.test_dh_1) ... ok
test_dh_2 (__main__.TestDH.test_dh_2) ... ok
test_dh_3 (__main__.TestDH.test_dh_3) ... ok
test_dh_4 (__main__.TestDH.test_dh_4) ... ok
test_mrv_1 (__main__.TestMRV.test_mrv_1) ... ok
test_mrv_2 (__main__.TestMRV.test_mrv_2) ... ok
test_mrv_3 (__main__.TestMRV.test_mrv_3) ... ok
test_mrv_4 (__main__.TestMRV.test_mrv_4) ... ok
test_nary_grid_1 (__main__.TestNaryGrid.test_nary_grid_1) ... ok
test_nary_grid_2 (__main__.TestNaryGrid.test_nary_grid_2) ... ok
test_nary_grid_3 (__main__.TestNaryGrid.test_nary_grid_3) ... ok
test_nary_grid_4 (__main__.TestNaryGrid.test_nary_grid_4) ... ok
test_bin_prop_fc_0 (__main__.TestPropFC.test_bin_prop_fc_0) ... ok
test_bin_prop_fc_1 (__main__.TestPropFC.test_bin_prop_fc_1) ... ok
test_bin_prop_fc_2 (__main__.TestPropFC.test_bin_prop_fc_2) ... ok
test_bin_prop_fc_3 (__main__.TestPropFC.test_bin_prop_fc_3) ... ok
test_bin_prop_fc_4 (__main__.TestPropFC.test_bin_prop_fc_4) ... ok
test_prop_fc_0 (__main__.TestPropFC.test_prop_fc_0) ... ok
test_prop_fc_1 (__main__.TestPropFC.test_prop_fc_1) ... ok
test_prop_fc_2 (__main__.TestPropFC.test_prop_fc_2) ... ok
test_prop_fc_3 (__main__.TestPropFC.test_prop_fc_3) ... ok
test_prop_fc_4 (__main__.TestPropFC.test_prop_fc_4) ... ok
test_prop_GAC_0 (__main__.TestPropGAC.test_prop_GAC_0) ... ok
test_prop_GAC_1 (__main__.TestPropGAC.test_prop_GAC_1) ... ok
test_prop_GAC_2 (__main__.TestPropGAC.test_prop_GAC_2) ... ok
test_prop_GAC_3 (__main__.TestPropGAC.test_prop_GAC_3) ... ok
test_prop_GAC_4 (__main__.TestPropGAC.test_prop_GAC_4) ... ok
test_prop_GAC_5 (__main__.TestPropGAC.test_prop_GAC_5) ... ok
test_prop_GAC_6 (__main__.TestPropGAC.test_prop_GAC_6) ... ok
test_prop_GAC_7 (__main__.TestPropGAC.test_prop_GAC_7) ... ok
test_prop_GAC_8 (__main__.TestPropGAC.test_prop_GAC_8) ... ok
test_prop_GAC_9 (__main__.TestPropGAC.test_prop_GAC_9) ... ok

======================================================================
FAIL: test_cage_existence (__main__.TestCageConstraints.test_cage_existence)
----------------------------------------------------------------------
AssertionError: False is not true : failed to find cage variable

======================================================================
FAIL: test_cages_2 (__main__.TestCageConstraints.test_cages_2)
----------------------------------------------------------------------
AssertionError: False is not true : 

Failed to encode:
 {}

Encoded incorrect constraint:
 {('-', 1, 1, 2, 2): True, ('-', 1, 2, 1, 2): True, ('-', 1, 2, 2, 1): True, ('-', 2, 2, 2, 2): True}
Input board: (2, [(4, [(1, 1), (1, 2), (2, 1), (2, 2)], '-')])


======================================================================
FAIL: test_cages_5 (__main__.TestCageConstraints.test_cages_5)
----------------------------------------------------------------------
AssertionError: False is not true : 

Failed to encode:
 {}
Input board: (3, [(7, [(1, 1), (1, 2), (1, 3), (2, 1), (2, 2), (2, 3)], '-')])


Encoded incorrect constraint:
 {('-', 1, 1, 1, 1, 2, 3): True, ('-', 1, 1, 1, 1, 3, 2): True, ('-', 1, 1, 1, 2, 1, 3): True, ('-', 1, 1, 1, 2, 2, 2): True, ('-', 1, 1, 1, 2, 3, 1): True, ('-', 1, 1, 1, 3, 1, 2): True, ('-', 1, 1, 1, 3, 2, 1): True, ('-', 1, 1, 2, 1, 1, 3): True, ('-', 1, 1, 2, 1, 2, 2): True, ('-', 1, 1, 2, 1, 3, 1): True, ('-', 1, 1, 2, 2, 1, 2): True, ('-', 1, 1, 2, 2, 2, 1): True, ('-', 1, 1, 2, 3, 1, 1): True, ('-', 1, 1, 3, 1, 1, 2): True, ('-', 1, 1, 3, 1, 2, 1): True, ('-', 1, 1, 3, 2, 1, 1): True, ('-', 1, 2, 1, 1, 1, 3): True, ('-', 1, 2, 1, 1, 2, 2): True, ('-', 1, 2, 1, 1, 3, 1): True, ('-', 1, 2, 1, 2, 1, 2): True, ('-', 1, 2, 1, 2, 2, 1): True, ('-', 1, 2, 1, 3, 1, 1): True, ('-', 1, 2, 2, 1, 1, 2): True, ('-', 1, 2, 2, 1, 2, 1): True, ('-', 1, 2, 2, 2, 1, 1): True, ('-', 1, 2, 3, 1, 1, 1): True, ('-', 1, 3, 1, 1, 1, 2): True, ('-', 1, 3, 1, 1, 2, 1): True, ('-', 1, 3, 1, 2, 1, 1): True, ('-', 1, 3, 2, 1, 1, 1): True, ('-', 2, 1, 1, 1, 3, 3): True, ('-', 2, 1, 1, 2, 2, 3): True, ('-', 2, 1, 1, 2, 3, 2): True, ('-', 2, 1, 1, 3, 1, 3): True, ('-', 2, 1, 1, 3, 2, 2): True, ('-', 2, 1, 1, 3, 3, 1): True, ('-', 2, 1, 2, 1, 2, 3): True, ('-', 2, 1, 2, 1, 3, 2): True, ('-', 2, 1, 2, 2, 1, 3): True, ('-', 2, 1, 2, 2, 2, 2): True, ('-', 2, 1, 2, 2, 3, 1): True, ('-', 2, 1, 2, 3, 1, 2): True, ('-', 2, 1, 2, 3, 2, 1): True, ('-', 2, 1, 3, 1, 1, 3): True, ('-', 2, 1, 3, 1, 2, 2): True, ('-', 2, 1, 3, 1, 3, 1): True, ('-', 2, 1, 3, 2, 1, 2): True, ('-', 2, 1, 3, 2, 2, 1): True, ('-', 2, 1, 3, 3, 1, 1): True, ('-', 2, 2, 1, 1, 2, 3): True, ('-', 2, 2, 1, 1, 3, 2): True, ('-', 2, 2, 1, 2, 1, 3): True, ('-', 2, 2, 1, 2, 2, 2): True, ('-', 2, 2, 1, 2, 3, 1): True, ('-', 2, 2, 1, 3, 1, 2): True, ('-', 2, 2, 1, 3, 2, 1): True, ('-', 2, 2, 2, 1, 1, 3): True, ('-', 2, 2, 2, 1, 2, 2): True, ('-', 2, 2, 2, 1, 3, 1): True, ('-', 2, 2, 2, 2, 1, 2): True, ('-', 2, 2, 2, 2, 2, 1): True, ('-', 2, 2, 2, 3, 1, 1): True, ('-', 2, 2, 3, 1, 1, 2): True, ('-', 2, 2, 3, 1, 2, 1): True, ('-', 2, 2, 3, 2, 1, 1): True, ('-', 2, 3, 1, 1, 1, 3): True, ('-', 2, 3, 1, 1, 2, 2): True, ('-', 2, 3, 1, 1, 3, 1): True, ('-', 2, 3, 1, 2, 1, 2): True, ('-', 2, 3, 1, 2, 2, 1): True, ('-', 2, 3, 1, 3, 1, 1): True, ('-', 2, 3, 2, 1, 1, 2): True, ('-', 2, 3, 2, 1, 2, 1): True, ('-', 2, 3, 2, 2, 1, 1): True, ('-', 2, 3, 3, 1, 1, 1): True, ('-', 3, 1, 1, 2, 3, 3): True, ('-', 3, 1, 1, 3, 2, 3): True, ('-', 3, 1, 1, 3, 3, 2): True, ('-', 3, 1, 2, 1, 3, 3): True, ('-', 3, 1, 2, 2, 2, 3): True, ('-', 3, 1, 2, 2, 3, 2): True, ('-', 3, 1, 2, 3, 1, 3): True, ('-', 3, 1, 2, 3, 2, 2): True, ('-', 3, 1, 2, 3, 3, 1): True, ('-', 3, 1, 3, 1, 2, 3): True, ('-', 3, 1, 3, 1, 3, 2): True, ('-', 3, 1, 3, 2, 1, 3): True, ('-', 3, 1, 3, 2, 2, 2): True, ('-', 3, 1, 3, 2, 3, 1): True, ('-', 3, 1, 3, 3, 1, 2): True, ('-', 3, 1, 3, 3, 2, 1): True, ('-', 3, 2, 1, 1, 3, 3): True, ('-', 3, 2, 1, 2, 2, 3): True, ('-', 3, 2, 1, 2, 3, 2): True, ('-', 3, 2, 1, 3, 1, 3): True, ('-', 3, 2, 1, 3, 2, 2): True, ('-', 3, 2, 1, 3, 3, 1): True, ('-', 3, 2, 2, 1, 2, 3): True, ('-', 3, 2, 2, 1, 3, 2): True, ('-', 3, 2, 2, 2, 1, 3): True, ('-', 3, 2, 2, 2, 2, 2): True, ('-', 3, 2, 2, 2, 3, 1): True, ('-', 3, 2, 2, 3, 1, 2): True, ('-', 3, 2, 2, 3, 2, 1): True, ('-', 3, 2, 3, 1, 1, 3): True, ('-', 3, 2, 3, 1, 2, 2): True, ('-', 3, 2, 3, 1, 3, 1): True, ('-', 3, 2, 3, 2, 1, 2): True, ('-', 3, 2, 3, 2, 2, 1): True, ('-', 3, 2, 3, 3, 1, 1): True, ('-', 3, 3, 1, 1, 2, 3): True, ('-', 3, 3, 1, 1, 3, 2): True, ('-', 3, 3, 1, 2, 1, 3): True, ('-', 3, 3, 1, 2, 2, 2): True, ('-', 3, 3, 1, 2, 3, 1): True, ('-', 3, 3, 1, 3, 1, 2): True, ('-', 3, 3, 1, 3, 2, 1): True, ('-', 3, 3, 2, 1, 1, 3): True, ('-', 3, 3, 2, 1, 2, 2): True, ('-', 3, 3, 2, 1, 3, 1): True, ('-', 3, 3, 2, 2, 1, 2): True, ('-', 3, 3, 2, 2, 2, 1): True, ('-', 3, 3, 2, 3, 1, 1): True, ('-', 3, 3, 3, 1, 1, 2): True, ('-', 3, 3, 3, 1, 2, 1): True, ('-', 3, 3, 3, 2, 1, 1): True}

----------------------------------------------------------------------
Ran 44 tests in 0.913s

FAILED (failures=3)
----------------------------------------------------------------------
Time spent:

test_bne_grid_1: 0.0002s
test_bne_grid_2: 0.0001s
test_bne_grid_3: 0.0007s
test_bne_grid_4: 0.0027s
test_bne_grid_5: 0.0053s
test_cages_1: 0.0001s
test_cages_2: 0.0000s
test_cages_3: 0.0001s
test_cages_4: 0.0004s
test_cages_5: 0.0004s
test_cages_6: 0.0002s
test_nary_grid_1: 0.0005s
test_nary_grid_2: 0.0006s
test_nary_grid_3: 0.0021s
test_nary_grid_4: 0.0141s
test_bin_prop_fc_0: 0.0005s
test_bin_prop_fc_1: 0.0012s
test_bin_prop_fc_2: 0.0009s
test_bin_prop_fc_3: 0.0009s
test_bin_prop_fc_4: 0.0009s
test_prop_fc_0: 0.0005s
test_prop_fc_1: 0.1581s
test_prop_fc_2: 0.2896s
test_prop_fc_3: 0.0005s
test_prop_fc_4: 0.3125s
test_prop_GAC_0: 0.0004s
test_prop_GAC_1: 0.0009s
test_prop_GAC_2: 0.0017s
test_prop_GAC_3: 0.0012s
test_prop_GAC_4: 0.0011s
test_prop_GAC_5: 0.0038s
test_prop_GAC_6: 0.0185s
test_prop_GAC_7: 0.0040s
test_prop_GAC_8: 0.0323s
test_prop_GAC_9: 0.0499s
----------------------------------------------------------------------
Grades:

FC: 0.5/0.5
GAC: 0.75/0.75
MRV: 0.25/0.25
DH: 0.25/0.25
BINARY: 0.25/0.25
NARY: 0.25/0.25
CAGEY: 0.25/0.5

TOTAL: 2.5/2.75
Code quality: ?/0.25

Running time: 2025_01_28-18:21:29

===========================================
test_bne_grid_1 (__main__.TestBinaryGrid.test_bne_grid_1) ... ok
test_bne_grid_2 (__main__.TestBinaryGrid.test_bne_grid_2) ... ok
test_bne_grid_3 (__main__.TestBinaryGrid.test_bne_grid_3) ... ok
test_bne_grid_4 (__main__.TestBinaryGrid.test_bne_grid_4) ... ok
test_bne_grid_5 (__main__.TestBinaryGrid.test_bne_grid_5) ... ok
test_cage_existence (__main__.TestCageConstraints.test_cage_existence) ... ok
test_cages_1 (__main__.TestCageConstraints.test_cages_1) ... ok
test_cages_2 (__main__.TestCageConstraints.test_cages_2) ... FAIL
test_cages_3 (__main__.TestCageConstraints.test_cages_3) ... ok
test_cages_4 (__main__.TestCageConstraints.test_cages_4) ... ok
test_cages_5 (__main__.TestCageConstraints.test_cages_5) ... FAIL
test_cages_6 (__main__.TestCageConstraints.test_cages_6) ... ok
test_dh_1 (__main__.TestDH.test_dh_1) ... ok
test_dh_2 (__main__.TestDH.test_dh_2) ... ok
test_dh_3 (__main__.TestDH.test_dh_3) ... ok
test_dh_4 (__main__.TestDH.test_dh_4) ... ok
test_mrv_1 (__main__.TestMRV.test_mrv_1) ... ok
test_mrv_2 (__main__.TestMRV.test_mrv_2) ... ok
test_mrv_3 (__main__.TestMRV.test_mrv_3) ... ok
test_mrv_4 (__main__.TestMRV.test_mrv_4) ... ok
test_nary_grid_1 (__main__.TestNaryGrid.test_nary_grid_1) ... ok
test_nary_grid_2 (__main__.TestNaryGrid.test_nary_grid_2) ... ok
test_nary_grid_3 (__main__.TestNaryGrid.test_nary_grid_3) ... ok
test_nary_grid_4 (__main__.TestNaryGrid.test_nary_grid_4) ... ok
test_bin_prop_fc_0 (__main__.TestPropFC.test_bin_prop_fc_0) ... ok
test_bin_prop_fc_1 (__main__.TestPropFC.test_bin_prop_fc_1) ... ok
test_bin_prop_fc_2 (__main__.TestPropFC.test_bin_prop_fc_2) ... ok
test_bin_prop_fc_3 (__main__.TestPropFC.test_bin_prop_fc_3) ... ok
test_bin_prop_fc_4 (__main__.TestPropFC.test_bin_prop_fc_4) ... ok
test_prop_fc_0 (__main__.TestPropFC.test_prop_fc_0) ... ok
test_prop_fc_1 (__main__.TestPropFC.test_prop_fc_1) ... ok
test_prop_fc_2 (__main__.TestPropFC.test_prop_fc_2) ... ok
test_prop_fc_3 (__main__.TestPropFC.test_prop_fc_3) ... ok
test_prop_fc_4 (__main__.TestPropFC.test_prop_fc_4) ... ok
test_prop_GAC_0 (__main__.TestPropGAC.test_prop_GAC_0) ... ok
test_prop_GAC_1 (__main__.TestPropGAC.test_prop_GAC_1) ... ok
test_prop_GAC_2 (__main__.TestPropGAC.test_prop_GAC_2) ... ok
test_prop_GAC_3 (__main__.TestPropGAC.test_prop_GAC_3) ... ok
test_prop_GAC_4 (__main__.TestPropGAC.test_prop_GAC_4) ... ok
test_prop_GAC_5 (__main__.TestPropGAC.test_prop_GAC_5) ... ok
test_prop_GAC_6 (__main__.TestPropGAC.test_prop_GAC_6) ... ok
test_prop_GAC_7 (__main__.TestPropGAC.test_prop_GAC_7) ... ok
test_prop_GAC_8 (__main__.TestPropGAC.test_prop_GAC_8) ... ok
test_prop_GAC_9 (__main__.TestPropGAC.test_prop_GAC_9) ... ok

======================================================================
FAIL: test_cages_2 (__main__.TestCageConstraints.test_cages_2)
----------------------------------------------------------------------
AssertionError: False is not true : 

Failed to encode:
 {}

Encoded incorrect constraint:
 {('-', 1, 1, 2, 2): True, ('-', 1, 2, 1, 2): True, ('-', 1, 2, 2, 1): True, ('-', 2, 2, 2, 2): True}
Input board: (2, [(4, [(1, 1), (1, 2), (2, 1), (2, 2)], '-')])


======================================================================
FAIL: test_cages_5 (__main__.TestCageConstraints.test_cages_5)
----------------------------------------------------------------------
AssertionError: False is not true : 

Failed to encode:
 {}
Input board: (3, [(7, [(1, 1), (1, 2), (1, 3), (2, 1), (2, 2), (2, 3)], '-')])


Encoded incorrect constraint:
 {('-', 1, 1, 1, 1, 2, 3): True, ('-', 1, 1, 1, 1, 3, 2): True, ('-', 1, 1, 1, 2, 1, 3): True, ('-', 1, 1, 1, 2, 2, 2): True, ('-', 1, 1, 1, 2, 3, 1): True, ('-', 1, 1, 1, 3, 1, 2): True, ('-', 1, 1, 1, 3, 2, 1): True, ('-', 1, 1, 2, 1, 1, 3): True, ('-', 1, 1, 2, 1, 2, 2): True, ('-', 1, 1, 2, 1, 3, 1): True, ('-', 1, 1, 2, 2, 1, 2): True, ('-', 1, 1, 2, 2, 2, 1): True, ('-', 1, 1, 2, 3, 1, 1): True, ('-', 1, 1, 3, 1, 1, 2): True, ('-', 1, 1, 3, 1, 2, 1): True, ('-', 1, 1, 3, 2, 1, 1): True, ('-', 1, 2, 1, 1, 1, 3): True, ('-', 1, 2, 1, 1, 2, 2): True, ('-', 1, 2, 1, 1, 3, 1): True, ('-', 1, 2, 1, 2, 1, 2): True, ('-', 1, 2, 1, 2, 2, 1): True, ('-', 1, 2, 1, 3, 1, 1): True, ('-', 1, 2, 2, 1, 1, 2): True, ('-', 1, 2, 2, 1, 2, 1): True, ('-', 1, 2, 2, 2, 1, 1): True, ('-', 1, 2, 3, 1, 1, 1): True, ('-', 1, 3, 1, 1, 1, 2): True, ('-', 1, 3, 1, 1, 2, 1): True, ('-', 1, 3, 1, 2, 1, 1): True, ('-', 1, 3, 2, 1, 1, 1): True, ('-', 2, 1, 1, 1, 3, 3): True, ('-', 2, 1, 1, 2, 2, 3): True, ('-', 2, 1, 1, 2, 3, 2): True, ('-', 2, 1, 1, 3, 1, 3): True, ('-', 2, 1, 1, 3, 2, 2): True, ('-', 2, 1, 1, 3, 3, 1): True, ('-', 2, 1, 2, 1, 2, 3): True, ('-', 2, 1, 2, 1, 3, 2): True, ('-', 2, 1, 2, 2, 1, 3): True, ('-', 2, 1, 2, 2, 2, 2): True, ('-', 2, 1, 2, 2, 3, 1): True, ('-', 2, 1, 2, 3, 1, 2): True, ('-', 2, 1, 2, 3, 2, 1): True, ('-', 2, 1, 3, 1, 1, 3): True, ('-', 2, 1, 3, 1, 2, 2): True, ('-', 2, 1, 3, 1, 3, 1): True, ('-', 2, 1, 3, 2, 1, 2): True, ('-', 2, 1, 3, 2, 2, 1): True, ('-', 2, 1, 3, 3, 1, 1): True, ('-', 2, 2, 1, 1, 2, 3): True, ('-', 2, 2, 1, 1, 3, 2): True, ('-', 2, 2, 1, 2, 1, 3): True, ('-', 2, 2, 1, 2, 2, 2): True, ('-', 2, 2, 1, 2, 3, 1): True, ('-', 2, 2, 1, 3, 1, 2): True, ('-', 2, 2, 1, 3, 2, 1): True, ('-', 2, 2, 2, 1, 1, 3): True, ('-', 2, 2, 2, 1, 2, 2): True, ('-', 2, 2, 2, 1, 3, 1): True, ('-', 2, 2, 2, 2, 1, 2): True, ('-', 2, 2, 2, 2, 2, 1): True, ('-', 2, 2, 2, 3, 1, 1): True, ('-', 2, 2, 3, 1, 1, 2): True, ('-', 2, 2, 3, 1, 2, 1): True, ('-', 2, 2, 3, 2, 1, 1): True, ('-', 2, 3, 1, 1, 1, 3): True, ('-', 2, 3, 1, 1, 2, 2): True, ('-', 2, 3, 1, 1, 3, 1): True, ('-', 2, 3, 1, 2, 1, 2): True, ('-', 2, 3, 1, 2, 2, 1): True, ('-', 2, 3, 1, 3, 1, 1): True, ('-', 2, 3, 2, 1, 1, 2): True, ('-', 2, 3, 2, 1, 2, 1): True, ('-', 2, 3, 2, 2, 1, 1): True, ('-', 2, 3, 3, 1, 1, 1): True, ('-', 3, 1, 1, 2, 3, 3): True, ('-', 3, 1, 1, 3, 2, 3): True, ('-', 3, 1, 1, 3, 3, 2): True, ('-', 3, 1, 2, 1, 3, 3): True, ('-', 3, 1, 2, 2, 2, 3): True, ('-', 3, 1, 2, 2, 3, 2): True, ('-', 3, 1, 2, 3, 1, 3): True, ('-', 3, 1, 2, 3, 2, 2): True, ('-', 3, 1, 2, 3, 3, 1): True, ('-', 3, 1, 3, 1, 2, 3): True, ('-', 3, 1, 3, 1, 3, 2): True, ('-', 3, 1, 3, 2, 1, 3): True, ('-', 3, 1, 3, 2, 2, 2): True, ('-', 3, 1, 3, 2, 3, 1): True, ('-', 3, 1, 3, 3, 1, 2): True, ('-', 3, 1, 3, 3, 2, 1): True, ('-', 3, 2, 1, 1, 3, 3): True, ('-', 3, 2, 1, 2, 2, 3): True, ('-', 3, 2, 1, 2, 3, 2): True, ('-', 3, 2, 1, 3, 1, 3): True, ('-', 3, 2, 1, 3, 2, 2): True, ('-', 3, 2, 1, 3, 3, 1): True, ('-', 3, 2, 2, 1, 2, 3): True, ('-', 3, 2, 2, 1, 3, 2): True, ('-', 3, 2, 2, 2, 1, 3): True, ('-', 3, 2, 2, 2, 2, 2): True, ('-', 3, 2, 2, 2, 3, 1): True, ('-', 3, 2, 2, 3, 1, 2): True, ('-', 3, 2, 2, 3, 2, 1): True, ('-', 3, 2, 3, 1, 1, 3): True, ('-', 3, 2, 3, 1, 2, 2): True, ('-', 3, 2, 3, 1, 3, 1): True, ('-', 3, 2, 3, 2, 1, 2): True, ('-', 3, 2, 3, 2, 2, 1): True, ('-', 3, 2, 3, 3, 1, 1): True, ('-', 3, 3, 1, 1, 2, 3): True, ('-', 3, 3, 1, 1, 3, 2): True, ('-', 3, 3, 1, 2, 1, 3): True, ('-', 3, 3, 1, 2, 2, 2): True, ('-', 3, 3, 1, 2, 3, 1): True, ('-', 3, 3, 1, 3, 1, 2): True, ('-', 3, 3, 1, 3, 2, 1): True, ('-', 3, 3, 2, 1, 1, 3): True, ('-', 3, 3, 2, 1, 2, 2): True, ('-', 3, 3, 2, 1, 3, 1): True, ('-', 3, 3, 2, 2, 1, 2): True, ('-', 3, 3, 2, 2, 2, 1): True, ('-', 3, 3, 2, 3, 1, 1): True, ('-', 3, 3, 3, 1, 1, 2): True, ('-', 3, 3, 3, 1, 2, 1): True, ('-', 3, 3, 3, 2, 1, 1): True}

----------------------------------------------------------------------
Ran 44 tests in 0.910s

FAILED (failures=2)
----------------------------------------------------------------------
Time spent:

test_bne_grid_1: 0.0002s
test_bne_grid_2: 0.0001s
test_bne_grid_3: 0.0007s
test_bne_grid_4: 0.0028s
test_bne_grid_5: 0.0051s
test_cages_1: 0.0001s
test_cages_2: 0.0001s
test_cages_3: 0.0001s
test_cages_4: 0.0006s
test_cages_5: 0.0006s
test_cages_6: 0.0003s
test_nary_grid_1: 0.0001s
test_nary_grid_2: 0.0003s
test_nary_grid_3: 0.0020s
test_nary_grid_4: 0.0142s
test_bin_prop_fc_0: 0.0003s
test_bin_prop_fc_1: 0.0010s
test_bin_prop_fc_2: 0.0009s
test_bin_prop_fc_3: 0.0010s
test_bin_prop_fc_4: 0.0009s
test_prop_fc_0: 0.0005s
test_prop_fc_1: 0.1765s
test_prop_fc_2: 0.2946s
test_prop_fc_3: 0.0005s
test_prop_fc_4: 0.2882s
test_prop_GAC_0: 0.0004s
test_prop_GAC_1: 0.0011s
test_prop_GAC_2: 0.0013s
test_prop_GAC_3: 0.0012s
test_prop_GAC_4: 0.0012s
test_prop_GAC_5: 0.0042s
test_prop_GAC_6: 0.0185s
test_prop_GAC_7: 0.0037s
test_prop_GAC_8: 0.0317s
test_prop_GAC_9: 0.0504s
----------------------------------------------------------------------
Grades:

FC: 0.5/0.5
GAC: 0.75/0.75
MRV: 0.25/0.25
DH: 0.25/0.25
BINARY: 0.25/0.25
NARY: 0.25/0.25
CAGEY: 0.375/0.5

TOTAL: 2.625/2.75
Code quality: ?/0.25

Running time: 2025_01_28-18:22:43

===========================================
test_bne_grid_1 (__main__.TestBinaryGrid.test_bne_grid_1) ... ok
test_bne_grid_2 (__main__.TestBinaryGrid.test_bne_grid_2) ... ok
test_bne_grid_3 (__main__.TestBinaryGrid.test_bne_grid_3) ... ok
test_bne_grid_4 (__main__.TestBinaryGrid.test_bne_grid_4) ... ok
test_bne_grid_5 (__main__.TestBinaryGrid.test_bne_grid_5) ... ok
test_cage_existence (__main__.TestCageConstraints.test_cage_existence) ... ok
test_cages_1 (__main__.TestCageConstraints.test_cages_1) ... ok
test_cages_2 (__main__.TestCageConstraints.test_cages_2) ... ok
test_cages_3 (__main__.TestCageConstraints.test_cages_3) ... ok
test_cages_4 (__main__.TestCageConstraints.test_cages_4) ... ok
test_cages_5 (__main__.TestCageConstraints.test_cages_5) ... ok
test_cages_6 (__main__.TestCageConstraints.test_cages_6) ... ok
test_dh_1 (__main__.TestDH.test_dh_1) ... ok
test_dh_2 (__main__.TestDH.test_dh_2) ... ok
test_dh_3 (__main__.TestDH.test_dh_3) ... ok
test_dh_4 (__main__.TestDH.test_dh_4) ... ok
test_mrv_1 (__main__.TestMRV.test_mrv_1) ... ok
test_mrv_2 (__main__.TestMRV.test_mrv_2) ... ok
test_mrv_3 (__main__.TestMRV.test_mrv_3) ... ok
test_mrv_4 (__main__.TestMRV.test_mrv_4) ... ok
test_nary_grid_1 (__main__.TestNaryGrid.test_nary_grid_1) ... ok
test_nary_grid_2 (__main__.TestNaryGrid.test_nary_grid_2) ... ok
test_nary_grid_3 (__main__.TestNaryGrid.test_nary_grid_3) ... ok
test_nary_grid_4 (__main__.TestNaryGrid.test_nary_grid_4) ... ok
test_bin_prop_fc_0 (__main__.TestPropFC.test_bin_prop_fc_0) ... ok
test_bin_prop_fc_1 (__main__.TestPropFC.test_bin_prop_fc_1) ... ok
test_bin_prop_fc_2 (__main__.TestPropFC.test_bin_prop_fc_2) ... ok
test_bin_prop_fc_3 (__main__.TestPropFC.test_bin_prop_fc_3) ... ok
test_bin_prop_fc_4 (__main__.TestPropFC.test_bin_prop_fc_4) ... ok
test_prop_fc_0 (__main__.TestPropFC.test_prop_fc_0) ... ok
test_prop_fc_1 (__main__.TestPropFC.test_prop_fc_1) ... ok
test_prop_fc_2 (__main__.TestPropFC.test_prop_fc_2) ... ok
test_prop_fc_3 (__main__.TestPropFC.test_prop_fc_3) ... ok
test_prop_fc_4 (__main__.TestPropFC.test_prop_fc_4) ... ok
test_prop_GAC_0 (__main__.TestPropGAC.test_prop_GAC_0) ... ok
test_prop_GAC_1 (__main__.TestPropGAC.test_prop_GAC_1) ... ok
test_prop_GAC_2 (__main__.TestPropGAC.test_prop_GAC_2) ... ok
test_prop_GAC_3 (__main__.TestPropGAC.test_prop_GAC_3) ... ok
test_prop_GAC_4 (__main__.TestPropGAC.test_prop_GAC_4) ... ok
test_prop_GAC_5 (__main__.TestPropGAC.test_prop_GAC_5) ... ok
test_prop_GAC_6 (__main__.TestPropGAC.test_prop_GAC_6) ... ok
test_prop_GAC_7 (__main__.TestPropGAC.test_prop_GAC_7) ... ok
test_prop_GAC_8 (__main__.TestPropGAC.test_prop_GAC_8) ... ok
test_prop_GAC_9 (__main__.TestPropGAC.test_prop_GAC_9) ... ok

----------------------------------------------------------------------
Ran 44 tests in 0.921s

OK
----------------------------------------------------------------------
Time spent:

test_bne_grid_1: 0.0002s
test_bne_grid_2: 0.0001s
test_bne_grid_3: 0.0007s
test_bne_grid_4: 0.0026s
test_bne_grid_5: 0.0051s
test_cages_1: 0.0001s
test_cages_2: 0.0001s
test_cages_3: 0.0001s
test_cages_4: 0.0005s
test_cages_5: 0.0003s
test_cages_6: 0.0004s
test_nary_grid_1: 0.0001s
test_nary_grid_2: 0.0003s
test_nary_grid_3: 0.0017s
test_nary_grid_4: 0.0146s
test_bin_prop_fc_0: 0.0003s
test_bin_prop_fc_1: 0.0009s
test_bin_prop_fc_2: 0.0008s
test_bin_prop_fc_3: 0.0012s
test_bin_prop_fc_4: 0.0012s
test_prop_fc_0: 0.0006s
test_prop_fc_1: 0.1580s
test_prop_fc_2: 0.2925s
test_prop_fc_3: 0.0005s
test_prop_fc_4: 0.2893s
test_prop_GAC_0: 0.0004s
test_prop_GAC_1: 0.0009s
test_prop_GAC_2: 0.0016s
test_prop_GAC_3: 0.0012s
test_prop_GAC_4: 0.0014s
test_prop_GAC_5: 0.0041s
test_prop_GAC_6: 0.0446s
test_prop_GAC_7: 0.0039s
test_prop_GAC_8: 0.0342s
test_prop_GAC_9: 0.0508s
----------------------------------------------------------------------
Grades:

FC: 0.5/0.5
GAC: 0.75/0.75
MRV: 0.25/0.25
DH: 0.25/0.25
BINARY: 0.25/0.25
NARY: 0.25/0.25
CAGEY: 0.5/0.5

TOTAL: 2.75/2.75
Code quality: ?/0.25

Running time: 2025_01_28-18:31:13

===========================================
test_bne_grid_1 (__main__.TestBinaryGrid.test_bne_grid_1) ... ok
test_bne_grid_2 (__main__.TestBinaryGrid.test_bne_grid_2) ... ok
test_bne_grid_3 (__main__.TestBinaryGrid.test_bne_grid_3) ... ok
test_bne_grid_4 (__main__.TestBinaryGrid.test_bne_grid_4) ... ok
test_bne_grid_5 (__main__.TestBinaryGrid.test_bne_grid_5) ... ok
test_cage_existence (__main__.TestCageConstraints.test_cage_existence) ... ok
test_cages_1 (__main__.TestCageConstraints.test_cages_1) ... ok
test_cages_2 (__main__.TestCageConstraints.test_cages_2) ... ok
test_cages_3 (__main__.TestCageConstraints.test_cages_3) ... ok
test_cages_4 (__main__.TestCageConstraints.test_cages_4) ... ok
test_cages_5 (__main__.TestCageConstraints.test_cages_5) ... ok
test_cages_6 (__main__.TestCageConstraints.test_cages_6) ... ok
test_dh_1 (__main__.TestDH.test_dh_1) ... ok
test_dh_2 (__main__.TestDH.test_dh_2) ... ok
test_dh_3 (__main__.TestDH.test_dh_3) ... ok
test_dh_4 (__main__.TestDH.test_dh_4) ... ok
test_mrv_1 (__main__.TestMRV.test_mrv_1) ... ok
test_mrv_2 (__main__.TestMRV.test_mrv_2) ... ok
test_mrv_3 (__main__.TestMRV.test_mrv_3) ... ok
test_mrv_4 (__main__.TestMRV.test_mrv_4) ... ok
test_nary_grid_1 (__main__.TestNaryGrid.test_nary_grid_1) ... ok
test_nary_grid_2 (__main__.TestNaryGrid.test_nary_grid_2) ... ok
test_nary_grid_3 (__main__.TestNaryGrid.test_nary_grid_3) ... ok
test_nary_grid_4 (__main__.TestNaryGrid.test_nary_grid_4) ... ok
test_bin_prop_fc_0 (__main__.TestPropFC.test_bin_prop_fc_0) ... ok
test_bin_prop_fc_1 (__main__.TestPropFC.test_bin_prop_fc_1) ... ok
test_bin_prop_fc_2 (__main__.TestPropFC.test_bin_prop_fc_2) ... ok
test_bin_prop_fc_3 (__main__.TestPropFC.test_bin_prop_fc_3) ... ok
test_bin_prop_fc_4 (__main__.TestPropFC.test_bin_prop_fc_4) ... ok
test_prop_fc_0 (__main__.TestPropFC.test_prop_fc_0) ... ok
test_prop_fc_1 (__main__.TestPropFC.test_prop_fc_1) ... ok
test_prop_fc_2 (__main__.TestPropFC.test_prop_fc_2) ... ok
test_prop_fc_3 (__main__.TestPropFC.test_prop_fc_3) ... ok
test_prop_fc_4 (__main__.TestPropFC.test_prop_fc_4) ... ok
test_prop_GAC_0 (__main__.TestPropGAC.test_prop_GAC_0) ... ok
test_prop_GAC_1 (__main__.TestPropGAC.test_prop_GAC_1) ... ok
test_prop_GAC_2 (__main__.TestPropGAC.test_prop_GAC_2) ... ok
test_prop_GAC_3 (__main__.TestPropGAC.test_prop_GAC_3) ... ok
test_prop_GAC_4 (__main__.TestPropGAC.test_prop_GAC_4) ... ok
test_prop_GAC_5 (__main__.TestPropGAC.test_prop_GAC_5) ... ok
test_prop_GAC_6 (__main__.TestPropGAC.test_prop_GAC_6) ... ok
test_prop_GAC_7 (__main__.TestPropGAC.test_prop_GAC_7) ... ok
test_prop_GAC_8 (__main__.TestPropGAC.test_prop_GAC_8) ... ok
test_prop_GAC_9 (__main__.TestPropGAC.test_prop_GAC_9) ... ok

----------------------------------------------------------------------
Ran 44 tests in 0.936s

OK
----------------------------------------------------------------------
Time spent:

test_bne_grid_1: 0.0002s
test_bne_grid_2: 0.0001s
test_bne_grid_3: 0.0007s
test_bne_grid_4: 0.0025s
test_bne_grid_5: 0.0054s
test_cages_1: 0.0001s
test_cages_2: 0.0000s
test_cages_3: 0.0001s
test_cages_4: 0.0004s
test_cages_5: 0.0004s
test_cages_6: 0.0003s
test_nary_grid_1: 0.0001s
test_nary_grid_2: 0.0005s
test_nary_grid_3: 0.0022s
test_nary_grid_4: 0.0144s
test_bin_prop_fc_0: 0.0003s
test_bin_prop_fc_1: 0.0009s
test_bin_prop_fc_2: 0.0010s
test_bin_prop_fc_3: 0.0008s
test_bin_prop_fc_4: 0.0012s
test_prop_fc_0: 0.0005s
test_prop_fc_1: 0.1589s
test_prop_fc_2: 0.2921s
test_prop_fc_3: 0.0005s
test_prop_fc_4: 0.2884s
test_prop_GAC_0: 0.0013s
test_prop_GAC_1: 0.0026s
test_prop_GAC_2: 0.0023s
test_prop_GAC_3: 0.0015s
test_prop_GAC_4: 0.0012s
test_prop_GAC_5: 0.0046s
test_prop_GAC_6: 0.0207s
test_prop_GAC_7: 0.0040s
test_prop_GAC_8: 0.0654s
test_prop_GAC_9: 0.0541s
----------------------------------------------------------------------
Grades:

FC: 0.5/0.5
GAC: 0.75/0.75
MRV: 0.25/0.25
DH: 0.25/0.25
BINARY: 0.25/0.25
NARY: 0.25/0.25
CAGEY: 0.5/0.5

TOTAL: 2.75/2.75
Code quality: ?/0.25

Running time: 2025_01_28-18:32:06

===========================================
test_bne_grid_1 (__main__.TestBinaryGrid.test_bne_grid_1) ... ok
test_bne_grid_2 (__main__.TestBinaryGrid.test_bne_grid_2) ... ok
test_bne_grid_3 (__main__.TestBinaryGrid.test_bne_grid_3) ... ok
test_bne_grid_4 (__main__.TestBinaryGrid.test_bne_grid_4) ... ok
test_bne_grid_5 (__main__.TestBinaryGrid.test_bne_grid_5) ... ok
test_cage_existence (__main__.TestCageConstraints.test_cage_existence) ... ok
test_cages_1 (__main__.TestCageConstraints.test_cages_1) ... ok
test_cages_2 (__main__.TestCageConstraints.test_cages_2) ... ok
test_cages_3 (__main__.TestCageConstraints.test_cages_3) ... ok
test_cages_4 (__main__.TestCageConstraints.test_cages_4) ... ok
test_cages_5 (__main__.TestCageConstraints.test_cages_5) ... ok
test_cages_6 (__main__.TestCageConstraints.test_cages_6) ... ok
test_dh_1 (__main__.TestDH.test_dh_1) ... ok
test_dh_2 (__main__.TestDH.test_dh_2) ... ok
test_dh_3 (__main__.TestDH.test_dh_3) ... ok
test_dh_4 (__main__.TestDH.test_dh_4) ... ok
test_mrv_1 (__main__.TestMRV.test_mrv_1) ... ok
test_mrv_2 (__main__.TestMRV.test_mrv_2) ... ok
test_mrv_3 (__main__.TestMRV.test_mrv_3) ... ok
test_mrv_4 (__main__.TestMRV.test_mrv_4) ... ok
test_nary_grid_1 (__main__.TestNaryGrid.test_nary_grid_1) ... ok
test_nary_grid_2 (__main__.TestNaryGrid.test_nary_grid_2) ... ok
test_nary_grid_3 (__main__.TestNaryGrid.test_nary_grid_3) ... ok
test_nary_grid_4 (__main__.TestNaryGrid.test_nary_grid_4) ... ok
test_bin_prop_fc_0 (__main__.TestPropFC.test_bin_prop_fc_0) ... ok
test_bin_prop_fc_1 (__main__.TestPropFC.test_bin_prop_fc_1) ... ok
test_bin_prop_fc_2 (__main__.TestPropFC.test_bin_prop_fc_2) ... ok
test_bin_prop_fc_3 (__main__.TestPropFC.test_bin_prop_fc_3) ... ok
test_bin_prop_fc_4 (__main__.TestPropFC.test_bin_prop_fc_4) ... ok
test_prop_fc_0 (__main__.TestPropFC.test_prop_fc_0) ... ok
test_prop_fc_1 (__main__.TestPropFC.test_prop_fc_1) ... ok
test_prop_fc_2 (__main__.TestPropFC.test_prop_fc_2) ... ok
test_prop_fc_3 (__main__.TestPropFC.test_prop_fc_3) ... ok
test_prop_fc_4 (__main__.TestPropFC.test_prop_fc_4) ... ok
test_prop_GAC_0 (__main__.TestPropGAC.test_prop_GAC_0) ... ok
test_prop_GAC_1 (__main__.TestPropGAC.test_prop_GAC_1) ... ok
test_prop_GAC_2 (__main__.TestPropGAC.test_prop_GAC_2) ... ok
test_prop_GAC_3 (__main__.TestPropGAC.test_prop_GAC_3) ... ok
test_prop_GAC_4 (__main__.TestPropGAC.test_prop_GAC_4) ... ok
test_prop_GAC_5 (__main__.TestPropGAC.test_prop_GAC_5) ... ok
test_prop_GAC_6 (__main__.TestPropGAC.test_prop_GAC_6) ... ok
test_prop_GAC_7 (__main__.TestPropGAC.test_prop_GAC_7) ... ok
test_prop_GAC_8 (__main__.TestPropGAC.test_prop_GAC_8) ... ok
test_prop_GAC_9 (__main__.TestPropGAC.test_prop_GAC_9) ... ok

----------------------------------------------------------------------
Ran 44 tests in 0.921s

OK
----------------------------------------------------------------------
Time spent:

test_bne_grid_1: 0.0002s
test_bne_grid_2: 0.0001s
test_bne_grid_3: 0.0007s
test_bne_grid_4: 0.0026s
test_bne_grid_5: 0.0055s
test_cages_1: 0.0001s
test_cages_2: 0.0000s
test_cages_3: 0.0002s
test_cages_4: 0.0004s
test_cages_5: 0.0002s
test_cages_6: 0.0002s
test_nary_grid_1: 0.0001s
test_nary_grid_2: 0.0004s
test_nary_grid_3: 0.0019s
test_nary_grid_4: 0.0142s
test_bin_prop_fc_0: 0.0003s
test_bin_prop_fc_1: 0.0011s
test_bin_prop_fc_2: 0.0008s
test_bin_prop_fc_3: 0.0011s
test_bin_prop_fc_4: 0.0008s
test_prop_fc_0: 0.0007s
test_prop_fc_1: 0.1585s
test_prop_fc_2: 0.2956s
test_prop_fc_3: 0.0006s
test_prop_fc_4: 0.2895s
test_prop_GAC_0: 0.0004s
test_prop_GAC_1: 0.0011s
test_prop_GAC_2: 0.0014s
test_prop_GAC_3: 0.0012s
test_prop_GAC_4: 0.0011s
test_prop_GAC_5: 0.0040s
test_prop_GAC_6: 0.0191s
test_prop_GAC_7: 0.0036s
test_prop_GAC_8: 0.0322s
test_prop_GAC_9: 0.0753s
----------------------------------------------------------------------
Grades:

FC: 0.5/0.5
GAC: 0.75/0.75
MRV: 0.25/0.25
DH: 0.25/0.25
BINARY: 0.25/0.25
NARY: 0.25/0.25
CAGEY: 0.5/0.5

TOTAL: 2.75/2.75
Code quality: ?/0.25

Running time: 2025_01_28-18:35:28

===========================================
test_bne_grid_1 (__main__.TestBinaryGrid.test_bne_grid_1) ... ok
test_bne_grid_2 (__main__.TestBinaryGrid.test_bne_grid_2) ... ok
test_bne_grid_3 (__main__.TestBinaryGrid.test_bne_grid_3) ... ok
test_bne_grid_4 (__main__.TestBinaryGrid.test_bne_grid_4) ... ok
test_bne_grid_5 (__main__.TestBinaryGrid.test_bne_grid_5) ... ok
test_cage_existence (__main__.TestCageConstraints.test_cage_existence) ... ok
test_cages_1 (__main__.TestCageConstraints.test_cages_1) ... ok
test_cages_2 (__main__.TestCageConstraints.test_cages_2) ... ok
test_cages_3 (__main__.TestCageConstraints.test_cages_3) ... ok
test_cages_4 (__main__.TestCageConstraints.test_cages_4) ... ok
test_cages_5 (__main__.TestCageConstraints.test_cages_5) ... ok
test_cages_6 (__main__.TestCageConstraints.test_cages_6) ... ok
test_dh_1 (__main__.TestDH.test_dh_1) ... ok
test_dh_2 (__main__.TestDH.test_dh_2) ... ok
test_dh_3 (__main__.TestDH.test_dh_3) ... ok
test_dh_4 (__main__.TestDH.test_dh_4) ... ok
test_mrv_1 (__main__.TestMRV.test_mrv_1) ... ok
test_mrv_2 (__main__.TestMRV.test_mrv_2) ... ok
test_mrv_3 (__main__.TestMRV.test_mrv_3) ... ok
test_mrv_4 (__main__.TestMRV.test_mrv_4) ... ok
test_nary_grid_1 (__main__.TestNaryGrid.test_nary_grid_1) ... ok
test_nary_grid_2 (__main__.TestNaryGrid.test_nary_grid_2) ... ok
test_nary_grid_3 (__main__.TestNaryGrid.test_nary_grid_3) ... ok
test_nary_grid_4 (__main__.TestNaryGrid.test_nary_grid_4) ... ok
test_bin_prop_fc_0 (__main__.TestPropFC.test_bin_prop_fc_0) ... ok
test_bin_prop_fc_1 (__main__.TestPropFC.test_bin_prop_fc_1) ... ok
test_bin_prop_fc_2 (__main__.TestPropFC.test_bin_prop_fc_2) ... ok
test_bin_prop_fc_3 (__main__.TestPropFC.test_bin_prop_fc_3) ... ok
test_bin_prop_fc_4 (__main__.TestPropFC.test_bin_prop_fc_4) ... ok
test_prop_fc_0 (__main__.TestPropFC.test_prop_fc_0) ... ok
test_prop_fc_1 (__main__.TestPropFC.test_prop_fc_1) ... ok
test_prop_fc_2 (__main__.TestPropFC.test_prop_fc_2) ... ok
test_prop_fc_3 (__main__.TestPropFC.test_prop_fc_3) ... ok
test_prop_fc_4 (__main__.TestPropFC.test_prop_fc_4) ... ok
test_prop_GAC_0 (__main__.TestPropGAC.test_prop_GAC_0) ... ok
test_prop_GAC_1 (__main__.TestPropGAC.test_prop_GAC_1) ... ok
test_prop_GAC_2 (__main__.TestPropGAC.test_prop_GAC_2) ... ok
test_prop_GAC_3 (__main__.TestPropGAC.test_prop_GAC_3) ... ok
test_prop_GAC_4 (__main__.TestPropGAC.test_prop_GAC_4) ... ok
test_prop_GAC_5 (__main__.TestPropGAC.test_prop_GAC_5) ... ok
test_prop_GAC_6 (__main__.TestPropGAC.test_prop_GAC_6) ... ok
test_prop_GAC_7 (__main__.TestPropGAC.test_prop_GAC_7) ... ok
test_prop_GAC_8 (__main__.TestPropGAC.test_prop_GAC_8) ... ok
test_prop_GAC_9 (__main__.TestPropGAC.test_prop_GAC_9) ... ok

----------------------------------------------------------------------
Ran 44 tests in 0.914s

OK
----------------------------------------------------------------------
Time spent:

test_bne_grid_1: 0.0002s
test_bne_grid_2: 0.0001s
test_bne_grid_3: 0.0007s
test_bne_grid_4: 0.0030s
test_bne_grid_5: 0.0056s
test_cages_1: 0.0000s
test_cages_2: 0.0000s
test_cages_3: 0.0003s
test_cages_4: 0.0004s
test_cages_5: 0.0002s
test_cages_6: 0.0002s
test_nary_grid_1: 0.0001s
test_nary_grid_2: 0.0003s
test_nary_grid_3: 0.0016s
test_nary_grid_4: 0.0138s
test_bin_prop_fc_0: 0.0002s
test_bin_prop_fc_1: 0.0008s
test_bin_prop_fc_2: 0.0008s
test_bin_prop_fc_3: 0.0008s
test_bin_prop_fc_4: 0.0008s
test_prop_fc_0: 0.0003s
test_prop_fc_1: 0.1626s
test_prop_fc_2: 0.2993s
test_prop_fc_3: 0.0005s
test_prop_fc_4: 0.2970s
test_prop_GAC_0: 0.0004s
test_prop_GAC_1: 0.0008s
test_prop_GAC_2: 0.0013s
test_prop_GAC_3: 0.0011s
test_prop_GAC_4: 0.0010s
test_prop_GAC_5: 0.0043s
test_prop_GAC_6: 0.0191s
test_prop_GAC_7: 0.0038s
test_prop_GAC_8: 0.0338s
test_prop_GAC_9: 0.0531s
----------------------------------------------------------------------
Grades:

FC: 0.5/0.5
GAC: 0.75/0.75
MRV: 0.25/0.25
DH: 0.25/0.25
BINARY: 0.25/0.25
NARY: 0.25/0.25
CAGEY: 0.5/0.5

TOTAL: 2.75/2.75
Code quality: ?/0.25

Running time: 2025_01_28-20:23:53

===========================================
test_bne_grid_1 (__main__.TestBinaryGrid.test_bne_grid_1) ... ok
test_bne_grid_2 (__main__.TestBinaryGrid.test_bne_grid_2) ... ok
test_bne_grid_3 (__main__.TestBinaryGrid.test_bne_grid_3) ... ok
test_bne_grid_4 (__main__.TestBinaryGrid.test_bne_grid_4) ... ok
test_bne_grid_5 (__main__.TestBinaryGrid.test_bne_grid_5) ... ok
test_cage_existence (__main__.TestCageConstraints.test_cage_existence) ... ok
test_cages_1 (__main__.TestCageConstraints.test_cages_1) ... ok
test_cages_2 (__main__.TestCageConstraints.test_cages_2) ... ok
test_cages_3 (__main__.TestCageConstraints.test_cages_3) ... ok
test_cages_4 (__main__.TestCageConstraints.test_cages_4) ... ok
test_cages_5 (__main__.TestCageConstraints.test_cages_5) ... ok
test_cages_6 (__main__.TestCageConstraints.test_cages_6) ... ok
test_dh_1 (__main__.TestDH.test_dh_1) ... ok
test_dh_2 (__main__.TestDH.test_dh_2) ... ok
test_dh_3 (__main__.TestDH.test_dh_3) ... ok
test_dh_4 (__main__.TestDH.test_dh_4) ... ok
test_mrv_1 (__main__.TestMRV.test_mrv_1) ... ok
test_mrv_2 (__main__.TestMRV.test_mrv_2) ... ok
test_mrv_3 (__main__.TestMRV.test_mrv_3) ... ok
test_mrv_4 (__main__.TestMRV.test_mrv_4) ... ok
test_nary_grid_1 (__main__.TestNaryGrid.test_nary_grid_1) ... ok
test_nary_grid_2 (__main__.TestNaryGrid.test_nary_grid_2) ... ok
test_nary_grid_3 (__main__.TestNaryGrid.test_nary_grid_3) ... ok
test_nary_grid_4 (__main__.TestNaryGrid.test_nary_grid_4) ... ok
test_bin_prop_fc_0 (__main__.TestPropFC.test_bin_prop_fc_0) ... ok
test_bin_prop_fc_1 (__main__.TestPropFC.test_bin_prop_fc_1) ... ok
test_bin_prop_fc_2 (__main__.TestPropFC.test_bin_prop_fc_2) ... ok
test_bin_prop_fc_3 (__main__.TestPropFC.test_bin_prop_fc_3) ... ok
test_bin_prop_fc_4 (__main__.TestPropFC.test_bin_prop_fc_4) ... ok
test_prop_fc_0 (__main__.TestPropFC.test_prop_fc_0) ... ok
test_prop_fc_1 (__main__.TestPropFC.test_prop_fc_1) ... ok
test_prop_fc_2 (__main__.TestPropFC.test_prop_fc_2) ... ok
test_prop_fc_3 (__main__.TestPropFC.test_prop_fc_3) ... ok
test_prop_fc_4 (__main__.TestPropFC.test_prop_fc_4) ... ok
test_prop_GAC_0 (__main__.TestPropGAC.test_prop_GAC_0) ... ok
test_prop_GAC_1 (__main__.TestPropGAC.test_prop_GAC_1) ... ok
test_prop_GAC_2 (__main__.TestPropGAC.test_prop_GAC_2) ... ok
test_prop_GAC_3 (__main__.TestPropGAC.test_prop_GAC_3) ... ok
test_prop_GAC_4 (__main__.TestPropGAC.test_prop_GAC_4) ... ok
test_prop_GAC_5 (__main__.TestPropGAC.test_prop_GAC_5) ... ok
test_prop_GAC_6 (__main__.TestPropGAC.test_prop_GAC_6) ... ok
test_prop_GAC_7 (__main__.TestPropGAC.test_prop_GAC_7) ... ok
test_prop_GAC_8 (__main__.TestPropGAC.test_prop_GAC_8) ... ok
test_prop_GAC_9 (__main__.TestPropGAC.test_prop_GAC_9) ... ok

----------------------------------------------------------------------
Ran 44 tests in 0.920s

OK
----------------------------------------------------------------------
Time spent:

test_bne_grid_1: 0.0002s
test_bne_grid_2: 0.0001s
test_bne_grid_3: 0.0007s
test_bne_grid_4: 0.0029s
test_bne_grid_5: 0.0056s
test_cages_1: 0.0001s
test_cages_2: 0.0000s
test_cages_3: 0.0002s
test_cages_4: 0.0004s
test_cages_5: 0.0002s
test_cages_6: 0.0002s
test_nary_grid_1: 0.0001s
test_nary_grid_2: 0.0003s
test_nary_grid_3: 0.0018s
test_nary_grid_4: 0.0146s
test_bin_prop_fc_0: 0.0002s
test_bin_prop_fc_1: 0.0008s
test_bin_prop_fc_2: 0.0008s
test_bin_prop_fc_3: 0.0008s
test_bin_prop_fc_4: 0.0008s
test_prop_fc_0: 0.0004s
test_prop_fc_1: 0.1629s
test_prop_fc_2: 0.3020s
test_prop_fc_3: 0.0005s
test_prop_fc_4: 0.3006s
test_prop_GAC_0: 0.0004s
test_prop_GAC_1: 0.0008s
test_prop_GAC_2: 0.0013s
test_prop_GAC_3: 0.0011s
test_prop_GAC_4: 0.0010s
test_prop_GAC_5: 0.0040s
test_prop_GAC_6: 0.0192s
test_prop_GAC_7: 0.0035s
test_prop_GAC_8: 0.0333s
test_prop_GAC_9: 0.0532s
----------------------------------------------------------------------
Grades:

FC: 0.5/0.5
GAC: 0.75/0.75
MRV: 0.25/0.25
DH: 0.25/0.25
BINARY: 0.25/0.25
NARY: 0.25/0.25
CAGEY: 0.5/0.5

TOTAL: 2.75/2.75
Code quality: ?/0.25

Running time: 2025_01_28-20:31:51

===========================================
